 ****** PrimeSim HSPICE -- R-2020.12-SP2 linux64 (May 24 2021 7074677) ******
  Copyright (c) 1986 - 2022 by Synopsys, Inc. All Rights Reserved.
  This software and the associated documentation are proprietary
  to Synopsys, Inc. This software may only be used in accordance
  with the terms and conditions of a written license agreement with
  Synopsys, Inc. All other use, reproduction, or distribution of
  this software is strictly prohibited.
  Input File: inv_lab2.sp                                                       
  Command line options: /cad/synopsys/hspice/2020.12-sp2/hspice/linux64/hspice -i inv_lab2.sp -o inv_lab2.lis
  Start time: Thu Mar 31 13:31:12 2022
 lic:  
 lic: FLEXlm: SDK_12.9.5 
 lic: USER:   vlsisj2022063        HOSTNAME: tsri16 
 lic: HOSTID: b4b52fd58581         PID:      5595 
 lic: Using FLEXlm license file: 
 lic: 26585@lsncku 
 lic: Checkout 1 hspice 
 lic: License/Maintenance for hspice will expire on 14-may-2022/2021.09 
 lic: 83(in_use)/190(total) FLOATING license(s) on SERVER 26585@lsncku 
 lic:   
  **warning** (inv_lab2.cir:18) Parameter name is not defined in .param. Please enter parameter variable with their respective value/expression.
  **warning** (inv_lab2.cir:29) Global net name "gnd" in subckt pin list. The pin will be connected to the local net. Recommend to not use global net names in subckt pin lists.
1****** PrimeSim HSPICE -- R-2020.12-SP2 linux64 (May 24 2021 7074677) ******
 ******  
 **testbench**

 ****** circuit name directory
 circuit number to circuit name directory
   number circuitname                     definition         multiplier
        0 main circuit
        1 xtest.                          inv_lab2           1.00 
 

  
      
 *****************************************************************
 ******  option summary
 ******
 runlvl  = 3         bypass  = 2.0000    
  Opening plot unit= 15
 file=inv_lab2.pa0

 ******
 **testbench**

 ****** dc transfer curves tnom=  25.000 temp=  25.000 ******
 vth= 905.4894m

          ***** job concluded
 ******  
 **testbench**

 ****** job statistics summary tnom=  25.000 temp=  25.000 ******
  
 ******  Machine Information  ******
 CPU:
 model name	: Intel(R) Core(TM) i7-3770 CPU @ 3.40GHz
 cpu MHz	: 3392.245
 CPU(s)		: 8
  
 OS:
 Linux version 2.6.32-642.el6.x86_64 (mockbuild@worker1.bsys.centos.org) (gcc version 4.4.7 20120313 (Red Hat 4.4.7-17) (GCC) ) #1 SMP Tue May 10 17:27:01 UTC 2016

 System loadavg : 0.42 0.37 0.43 2/417 5598


  ******  PrimeSim HSPICE Threads Information  ******

  Command Line Threads Count :     1
  Available CPU Count        :     8
  Actual Threads Count       :     1


  ******  Circuit Statistics  ******
  # nodes       =       8 # elements   =       4
  # resistors   =       0 # capacitors =       0 # inductors   =       0
  # mutual_inds =       0 # vccs       =       0 # vcvs        =       0
  # cccs        =       0 # ccvs       =       0 # volt_srcs   =       2
  # curr_srcs   =       0 # diodes     =       0 # bjts        =       0
  # jfets       =       0 # mosfets    =       2 # U elements  =       0
  # T elements  =       0 # W elements =       0 # B elements  =       0
  # S elements  =       0 # P elements =       0 # va device   =       0
  # vector_srcs =       0 # N elements =       0


  ******  Runtime Statistics (seconds)  ******

  analysis           time    # points   tot. iter  conv.iter
  op point           0.00           1           0
  dc sweep           0.01         181         418
  readin             0.02
  errchk             0.00
  setup              0.01
  output             0.00


           peak memory used        439.29 megabytes
           total cpu time            0.04 seconds
           total elapsed time        0.35 seconds
           job started at     13:31:12 03/31/2022
           job ended   at     13:31:12 03/31/2022
           job total runtime         0.35 seconds


 lic: Release hspice token(s) 
 lic: total license checkout elapse time:        0.30(s)
