 ****** PrimeSim HSPICE -- R-2020.12-SP2 linux64 (May 24 2021 7074677) ******
  Copyright (c) 1986 - 2022 by Synopsys, Inc. All Rights Reserved.
  This software and the associated documentation are proprietary
  to Synopsys, Inc. This software may only be used in accordance
  with the terms and conditions of a written license agreement with
  Synopsys, Inc. All other use, reproduction, or distribution of
  this software is strictly prohibited.
  Input File: decoder_3to8_pex.sp                                               
  Command line options: /cad/synopsys/hspice/2020.12-sp2/hspice/linux64/hspice -i decoder_3to8_pex.sp -o decoder_3to8_pex.lis
  Start time: Mon Mar 28 20:43:12 2022
 lic:  
 lic: FLEXlm: SDK_12.9.5 
 lic: USER:   vlsisj2022063        HOSTNAME: tsri16 
 lic: HOSTID: b4b52fd58581         PID:      19634 
 lic: Using FLEXlm license file: 
 lic: 26585@lsncku 
 lic: Checkout 1 hspice 
 lic: License/Maintenance for hspice will expire on 14-may-2022/2021.09 
 lic: 106(in_use)/190(total) FLOATING license(s) on SERVER 26585@lsncku 
 lic:   
  **warning** (decoder_3to8.pex.netlist:7) Global net name "gnd" in subckt pin list. The pin will be connected to the local net. Recommend to not use global net names in subckt pin lists.
1****** PrimeSim HSPICE -- R-2020.12-SP2 linux64 (May 24 2021 7074677) ******
 ******  
 **testbench**

 ****** circuit name directory
 circuit number to circuit name directory
   number circuitname                     definition         multiplier
        0 main circuit
        1 xtest.                          decoder_3to8       1.00 
        2 xtest.x_pm_decoder_3to8%net15.  pm_decoder_3to8%net15
                                                                 1.00 
        3 xtest.x_pm_decoder_3to8%w2.     pm_decoder_3to8%w2
                                                                 1.00 
        4 xtest.x_pm_decoder_3to8%net19.  pm_decoder_3to8%net19
                                                                 1.00 
        5 xtest.x_pm_decoder_3to8%net1.   pm_decoder_3to8%net1
                                                                 1.00 
        6 xtest.x_pm_decoder_3to8%net6.   pm_decoder_3to8%net6
                                                                 1.00 
        7 xtest.x_pm_decoder_3to8%xi1/net1.
                                            pm_decoder_3to8%xi1/net1
                                                                 1.00 
        8 xtest.x_pm_decoder_3to8%w1.     pm_decoder_3to8%w1
                                                                 1.00 
        9 xtest.x_pm_decoder_3to8%xi1/net4.
                                            pm_decoder_3to8%xi1/net4
                                                                 1.00 
       10 xtest.x_pm_decoder_3to8%w0.     pm_decoder_3to8%w0
                                                                 1.00 
       11 xtest.x_pm_decoder_3to8%xi1/net6.
                                            pm_decoder_3to8%xi1/net6
                                                                 1.00 
       12 xtest.x_pm_decoder_3to8%xi0/net1.
                                            pm_decoder_3to8%xi0/net1
                                                                 1.00 
       13 xtest.x_pm_decoder_3to8%xi0/net4.
                                            pm_decoder_3to8%xi0/net4
                                                                 1.00 
       14 xtest.x_pm_decoder_3to8%xi0/net6.
                                            pm_decoder_3to8%xi0/net6
                                                                 1.00 
       15 xtest.x_pm_decoder_3to8%en.     pm_decoder_3to8%en
                                                                 1.00 
       16 xtest.x_pm_decoder_3to8%y7.     pm_decoder_3to8%y7
                                                                 1.00 
       17 xtest.x_pm_decoder_3to8%y6.     pm_decoder_3to8%y6
                                                                 1.00 
       18 xtest.x_pm_decoder_3to8%y5.     pm_decoder_3to8%y5
                                                                 1.00 
       19 xtest.x_pm_decoder_3to8%y4.     pm_decoder_3to8%y4
                                                                 1.00 
       20 xtest.x_pm_decoder_3to8%y3.     pm_decoder_3to8%y3
                                                                 1.00 
       21 xtest.x_pm_decoder_3to8%y2.     pm_decoder_3to8%y2
                                                                 1.00 
       22 xtest.x_pm_decoder_3to8%y1.     pm_decoder_3to8%y1
                                                                 1.00 
       23 xtest.x_pm_decoder_3to8%y0.     pm_decoder_3to8%y0
                                                                 1.00 
       24 xtest.x_pm_decoder_3to8%gnd.    pm_decoder_3to8%gnd
                                                                 1.00 
       25 xtest.x_pm_decoder_3to8%vdd.    pm_decoder_3to8%vdd
                                                                 1.00 
       26 xtest.x_pm_decoder_3to8%xi2/net4.
                                            pm_decoder_3to8%xi2/net4
                                                                 1.00 
       27 xtest.x_pm_decoder_3to8%xi3/net4.
                                            pm_decoder_3to8%xi3/net4
                                                                 1.00 
       28 xtest.x_pm_decoder_3to8%xi1/xi5/net1.
                                            pm_decoder_3to8%xi1/xi5/net1
                                                                 1.00 
       29 xtest.x_pm_decoder_3to8%xi1/xi5/net4.
                                            pm_decoder_3to8%xi1/xi5/net4
                                                                 1.00 
       30 xtest.x_pm_decoder_3to8%xi1/xi4/net1.
                                            pm_decoder_3to8%xi1/xi4/net1
                                                                 1.00 
       31 xtest.x_pm_decoder_3to8%xi1/xi4/net4.
                                            pm_decoder_3to8%xi1/xi4/net4
                                                                 1.00 
       32 xtest.x_pm_decoder_3to8%xi1/xi3/net1.
                                            pm_decoder_3to8%xi1/xi3/net1
                                                                 1.00 
       33 xtest.x_pm_decoder_3to8%xi1/xi3/net4.
                                            pm_decoder_3to8%xi1/xi3/net4
                                                                 1.00 
       34 xtest.x_pm_decoder_3to8%xi1/xi2/net1.
                                            pm_decoder_3to8%xi1/xi2/net1
                                                                 1.00 
       35 xtest.x_pm_decoder_3to8%xi1/xi2/net4.
                                            pm_decoder_3to8%xi1/xi2/net4
                                                                 1.00 
       36 xtest.x_pm_decoder_3to8%xi0/xi5/net1.
                                            pm_decoder_3to8%xi0/xi5/net1
                                                                 1.00 
       37 xtest.x_pm_decoder_3to8%xi0/xi5/net4.
                                            pm_decoder_3to8%xi0/xi5/net4
                                                                 1.00 
       38 xtest.x_pm_decoder_3to8%xi0/xi4/net1.
                                            pm_decoder_3to8%xi0/xi4/net1
                                                                 1.00 
       39 xtest.x_pm_decoder_3to8%xi0/xi4/net4.
                                            pm_decoder_3to8%xi0/xi4/net4
                                                                 1.00 
       40 xtest.x_pm_decoder_3to8%xi0/xi3/net1.
                                            pm_decoder_3to8%xi0/xi3/net1
                                                                 1.00 
       41 xtest.x_pm_decoder_3to8%xi0/xi3/net4.
                                            pm_decoder_3to8%xi0/xi3/net4
                                                                 1.00 
       42 xtest.x_pm_decoder_3to8%xi0/xi2/net1.
                                            pm_decoder_3to8%xi0/xi2/net1
                                                                 1.00 
       43 xtest.x_pm_decoder_3to8%xi0/xi2/net4.
                                            pm_decoder_3to8%xi0/xi2/net4
                                                                 1.00 
  **info** (decoder_3to8_pex.sp:25) DC voltage reset to initial transient source value in source 0:ven. new dc=0.0000D+00
 

 Warning(s) associated with encrypted block(s) were suppressed due to encrypted content.
             
 Summary of Linear Res Distribution Info
 ---------------------------------------
 |Range          |Total     |Percent(%)|
 |---------------+----------+----------|
 |1e-02  ~  1e-01|195       |22.1088   |
 |1e-01  ~  1e+00|211       |23.9229   |
 |1e+00  ~  1e+03|476       |53.9683   |
 ---------------------------------------
              
             
 Summary of Linear Cap Distribution Info
 ---------------------------------------
 |Range          |Total     |Percent(%)|
 |---------------+----------+----------|
 |1e-21  ~  1e-20|1         |0.2933    |
 |1e-19  ~  1e-18|1         |0.2933    |
 |1e-18  ~  1e-17|3         |0.8798    |
 |1e-17  ~  1e-16|108       |31.6716   |
 |1e-16  ~  1e-15|220       |64.5161   |
 |1e-15  ~  1e-14|8         |2.3460    |
 ---------------------------------------
              
             
 Summary of Detailed RC Type Statistics
 -------------------------
 |Element Type|Number    |
 |------------+----------|
 |Constant Res|882       |
 |            |          |
 |Constant Cap|341       |
 -------------------------
              
  
      
 *****************************************************************
 ******  option summary
 ******
 runlvl  = 3         bypass  = 2.0000    
  Opening plot unit= 15
 file=decoder_3to8_pex.pa0

 **info** dc convergence successful at Newton-Raphson method 
 ******  
 **testbench**

 ****** operating point information tnom=  25.000 temp=  25.000 ******
 ****** operating point status is voltage   simulation time is     0.     
     node    =voltage       node    =voltage       node    =voltage

 + 0:en      =   0.       0:vdd     =   1.8000   0:w0      =   0.     
 + 0:w1      =   0.       0:w2      =   0.       0:y0      =  11.4732n
 + 0:y1      =   2.6881n  0:y2      =   2.7767n  0:y3      =   1.7151n
 + 0:y4      =  12.0877n  0:y5      =   3.2539n  0:y6      =   3.3027n
 + 0:y7      =   2.1844n  1:n_net15_=   1.8000   1:n_net19_=   1.8000 
 + 1:n_net15_=   1.8000   1:n_net19_=   1.8000   1:n_net15_=   1.8000 
 + 1:n_xi1/ne=   1.8000   1:n_net6_x=   3.4987n  1:n_gnd_xi=   1.4415n
 + 1:n_xi1/ne=   1.8000   1:n_w1_xi1=   0.       1:n_gnd_xi=   1.4204n
 + 1:n_xi1/ne=   1.8000   1:n_w0_xi1=   0.       1:n_gnd_xi=   1.3935n
 + 1:n_y7_xi1=   2.1591n  1:n_xi1/ne=   1.8000   1:n_gnd_xi= 927.3068p
 + 1:n_y7_xi1=   2.1381n  1:n_xi1/ne=   1.8000   1:n_gnd_xi= 926.5289p
 + 1:n_y7_xi1=   2.1379n  1:n_xi1/ne=   1.8000   1:n_gnd_xi= 876.4650p
 + 1:n_y6_xi1=   3.2536n  1:n_xi1/ne=   1.8000   1:n_gnd_xi= 866.8337p
 + 1:n_y6_xi1=   3.2627n  1:n_w0_xi1=   0.       1:n_gnd_xi= 854.9156p
 + 1:n_y6_xi1=   3.2520n  1:n_xi1/ne=   1.8000   1:n_gnd_xi= 833.9930p
 + 1:n_y5_xi1=   3.2051n  1:n_xi1/ne=   1.8000   1:n_gnd_xi= 836.9706p
 + 1:n_y5_xi1=   3.2041n  1:n_xi1/ne=   1.8000   1:n_gnd_xi= 835.6487p
 + 1:n_y5_xi1=   3.2147n  1:n_w1_xi1=   0.       1:n_gnd_xi= 715.1699p
 + 1:n_y4_xi1=  11.8622n  1:n_xi1/ne=   1.8000   1:n_gnd_xi= 905.7266p
 + 1:n_y4_xi1=  12.0877n  1:n_w0_xi1=   0.       1:n_gnd_xi= 851.0161p
 + 1:n_y4_xi1=  12.0877n  1:n_w1_xi1=   0.       1:n_gnd_xi= 634.9748p
 + 1:n_xi0/ne=   1.8000   1:n_net1_x=  13.9068n  1:n_gnd_xi=   1.0749n
 + 1:n_xi0/ne=   1.8000   1:n_w1_xi0=   0.       1:n_gnd_xi=   1.0269n
 + 1:n_xi0/ne=   1.8000   1:n_w0_xi0=   0.       1:n_gnd_xi= 973.3822p
 + 1:n_y3_xi0=   1.6899n  1:n_xi0/ne=   1.8000   1:n_gnd_xi= 466.1340p
 + 1:n_y3_xi0=   1.6687n  1:n_xi0/ne=   1.8000   1:n_gnd_xi= 465.3594p
 + 1:n_y3_xi0=   1.6684n  1:n_xi0/ne=   1.8000   1:n_gnd_xi= 390.6975p
 + 1:n_y2_xi0=   2.7279n  1:n_xi0/ne=   1.8000   1:n_gnd_xi= 353.2933p
 + 1:n_y2_xi0=   2.7365n  1:n_w0_xi0=   0.       1:n_gnd_xi= 341.4359p
 + 1:n_y2_xi0=   2.7258n  1:n_xi0/ne=   1.8000   1:n_gnd_xi= 295.7266p
 + 1:n_y1_xi0=   2.6394n  1:n_xi0/ne=   1.8000   1:n_gnd_xi= 271.1804p
 + 1:n_y1_xi0=   2.6383n  1:n_xi0/ne=   1.8000   1:n_gnd_xi= 269.8585p
 + 1:n_y1_xi0=   2.6489n  1:n_w1_xi0=   0.       1:n_gnd_xi= 124.1472p
 + 1:n_y0_xi0=  11.2478n  1:n_xi0/ne=   1.8000   1:n_gnd_xi= 291.3014p
 + 1:n_y0_xi0=  11.4732n  1:n_w0_xi0=   0.       1:n_gnd_xi= 236.5909p
 + 1:n_y0_xi0=  11.4732n  1:n_w1_xi0=   0.       1:n_gnd_xi=  28.2186a
 + 1:n_net15_=   1.8000   1:n_net19_=   1.8000   1:n_xi2/ne= 406.4088m
 + 1:n_xi2/ne= 406.4088m  1:n_net15_=   1.8000   1:n_net19_=   1.8000 
 + 1:n_xi3/ne=   1.7468   1:n_xi3/ne=   1.7468   1:n_net15_=   1.8000 
 + 1:n_xi1/ne=   1.8000   1:n_net6_x=   3.4987n  1:n_vdd_xi=   1.8000 
 + 1:n_xi1/ne=   1.8000   1:n_w1_xi1=   0.       1:n_vdd_xi=   1.8000 
 + 1:n_xi1/ne=   1.8000   1:n_w0_xi1=   0.       1:n_vdd_xi=   1.8000 
 + 1:n_y7_xi1=   2.2228n  1:n_xi1/ne=   1.8000   1:n_xi1/xi=   1.6842 
 + 1:n_xi1/xi=   1.6842   1:n_xi1/ne=   1.8000   1:n_xi1/xi=   1.7793 
 + 1:n_xi1/xi=   1.7793   1:n_xi1/ne=   1.8000   1:n_vdd_xi=   1.8000 
 + 1:n_y6_xi1=   3.3525n  1:n_xi1/ne=   1.8000   1:n_xi1/xi=   1.7485 
 + 1:n_xi1/xi=   1.7485   1:n_w0_xi1=   0.       1:n_xi1/xi=   1.7485 
 + 1:n_xi1/xi=   1.7485   1:n_xi1/ne=   1.8000   1:n_vdd_xi=   1.8000 
 + 1:n_y5_xi1=   3.3030n  1:n_xi1/ne=   1.8000   1:n_xi1/xi=   1.7468 
 + 1:n_xi1/xi=   1.7468   1:n_xi1/ne=   1.8000   1:n_xi1/xi=   1.8000 
 + 1:n_xi1/xi=   1.8000   1:n_w1_xi1=   0.       1:n_vdd_xi=   1.8000 
 + 1:n_y4_xi1=  12.2012n  1:n_xi1/ne=   1.8000   1:n_xi1/xi=   1.8000 
 + 1:n_xi1/xi=   1.8000   1:n_w0_xi1=   0.       1:n_xi1/xi=   1.8000 
 + 1:n_xi1/xi=   1.8000   1:n_w1_xi1=   0.       1:n_vdd_xi=   1.8000 
 + 1:n_xi0/ne=   1.8000   1:n_net1_x=  13.9068n  1:n_vdd_xi=   1.8000 
 + 1:n_xi0/ne=   1.8000   1:n_w1_xi0=   0.       1:n_vdd_xi=   1.8000 
 + 1:n_xi0/ne=   1.8000   1:n_w0_xi0=   0.       1:n_vdd_xi=   1.8000 
 + 1:n_y3_xi0=   1.7535n  1:n_xi0/ne=   1.8000   1:n_xi0/xi=   1.6842 
 + 1:n_xi0/xi=   1.6842   1:n_xi0/ne=   1.8000   1:n_xi0/xi=   1.7793 
 + 1:n_xi0/xi=   1.7793   1:n_xi0/ne=   1.8000   1:n_vdd_xi=   1.8000 
 + 1:n_y2_xi0=   2.8265n  1:n_xi0/ne=   1.8000   1:n_xi0/xi=   1.7485 
 + 1:n_xi0/xi=   1.7485   1:n_w0_xi0=   0.       1:n_xi0/xi=   1.7485 
 + 1:n_xi0/xi=   1.7485   1:n_xi0/ne=   1.8000   1:n_vdd_xi=   1.8000 
 + 1:n_y1_xi0=   2.7372n  1:n_xi0/ne=   1.8000   1:n_xi0/xi=   1.7468 
 + 1:n_xi0/xi=   1.7468   1:n_xi0/ne=   1.8000   1:n_xi0/xi=   1.8000 
 + 1:n_xi0/xi=   1.8000   1:n_w1_xi0=   0.       1:n_vdd_xi=   1.8000 
 + 1:n_y0_xi0=  11.5868n  1:n_xi0/ne=   1.8000   1:n_xi0/xi=   1.8000 
 + 1:n_xi0/xi=   1.8000   1:n_w0_xi0=   0.       1:n_xi0/xi=   1.8000 
 + 1:n_xi0/xi=   1.8000   1:n_w1_xi0=   0.       1:n_vdd_xi=   1.8000 
 + 1:n_en_xi5=   0.       1:n_en_xi5=   0.       1:n_gnd_xi=   1.0200n
 + 1:n_gnd_xi=   1.2634n  1:n_gnd_xi=   1.0503n  1:n_gnd_xi=   1.0364n
 + 1:n_gnd_xi=   1.4945n  1:n_gnd_xi= 718.1101p  1:n_gnd_xi=   1.5001n
 + 1:n_net1_x=  14.0369n  1:n_net1_x=  13.7064n  1:n_net1_x=  13.6515n
 + 1:n_net6_x=   3.5485n  1:n_net6_x=   3.4116n  1:n_net6_x=   3.4116n
 + 1:n_vdd_xi=   1.8000   1:n_vdd_xi=   1.8000   1:n_vdd_xi=   1.8000 
 + 1:n_vdd_xi=   1.8000   1:n_vdd_xi=   1.8000   1:n_w2_xi2=   0.     
 + 1:n_w2_xi2=   0.       1:n_w2_xi4=   0.       1:n_w2_xi4=   0.     
 + 2:4       =   1.8000   2:5       =   1.8000   2:11      =   1.8000 
 + 2:12      =   1.8000   2:15      =   1.8000   2:16      =   1.8000 
 + 2:18      =   1.8000   2:19      =   1.8000   2:23      =   1.8000 
 + 2:24      =   1.8000   2:28      =   1.8000   2:29      =   1.8000 
 + 2:44      =   1.8000   2:46      =   1.8000   2:49      =   1.8000 
 + 2:51      =   1.8000   2:54      =   1.8000   2:55      =   1.8000 
 + 2:60      =   1.8000   2:61      =   1.8000   2:66      =   1.8000 
 + 2:67      =   1.8000   3:10      =   0.       3:12      =   0.     
 + 3:13      =   0.       3:15      =   0.       3:21      =   0.     
 + 3:27      =   0.       3:30      =   0.       3:31      =   0.     
 + 3:34      =   0.       3:35      =   0.       3:37      =   0.     
 + 3:40      =   0.       3:46      =   0.       4:3       =   1.8000 
 + 4:4       =   1.8000   4:9       =   1.8000   4:10      =   1.8000 
 + 4:13      =   1.8000   4:14      =   1.8000   4:18      =   1.8000 
 + 4:19      =   1.8000   4:23      =   1.8000   4:24      =   1.8000 
 + 4:26      =   1.8000   4:33      =   1.8000   4:36      =   1.8000 
 + 4:39      =   1.8000   4:40      =   1.8000   4:45      =   1.8000 
 + 4:46      =   1.8000   5:3       =  13.9068n  5:4       =  13.9068n
 + 5:8       =  13.9070n  5:9       =  13.9084n  5:11      =  13.9068n
 + 5:12      =  13.9068n  5:15      =  13.9068n  5:16      =  13.9068n
 + 5:18      =  13.9089n  5:19      =  13.9066n  5:21      =  13.9068n
 + 5:22      =  13.9068n  5:25      =  14.0095n  5:26      =  13.9113n
 + 5:31      =  13.7064n  5:32      =  13.9027n  5:33      =  13.9068n
 + 5:39      =  13.9068n  5:42      =  13.9068n  5:50      =  13.9068n
 + 5:51      =  13.9068n  6:2       =   3.4987n  6:3       =   3.4987n
 + 6:4       =   3.4987n  6:5       =   3.4987n  6:8       =   3.4988n
 + 6:9       =   3.4994n  6:10      =   3.4995n  6:11      =   3.4986n
 + 6:13      =   3.4987n  6:14      =   3.4987n  6:17      =   3.5380n
 + 6:18      =   3.5005n  6:23      =   3.4221n  6:24      =   3.4972n
 + 6:25      =   3.4987n  6:31      =   3.4987n  6:34      =   3.4987n
 + 6:40      =   3.4987n  6:41      =   3.4987n  7:6       =   1.8000 
 + 7:7       =   1.8000   7:15      =   1.8000   7:16      =   1.8000 
 + 7:19      =   1.8000   7:20      =   1.8000   7:22      =   1.8000 
 + 7:23      =   1.8000   7:25      =   1.8000   7:26      =   1.8000 
 + 7:28      =   1.8000   7:29      =   1.8000   7:33      =   1.8000 
 + 7:34      =   1.8000   7:38      =   1.8000   7:39      =   1.8000 
 + 7:41      =   1.8000   7:47      =   1.8000   7:53      =   1.8000 
 + 7:59      =   1.8000   7:66      =   1.8000   7:68      =   1.8000 
 + 7:70      =   1.8000   7:72      =   1.8000   7:74      =   1.8000 
 + 7:76      =   1.8000   7:78      =   1.8000   7:80      =   1.8000 
 + 7:82      =   1.8000   7:83      =   1.8000   7:88      =   1.8000 
 + 7:89      =   1.8000   7:94      =   1.8000   7:95      =   1.8000 
 + 7:100     =   1.8000   7:101     =   1.8000   7:106     =   1.8000 
 + 7:107     =   1.8000   8:15      =   0.       8:16      =   0.     
 + 8:19      =   0.       8:20      =   0.       8:22      =   0.     
 + 8:23      =   0.       8:27      =   0.       8:28      =   0.     
 + 8:30      =   0.       8:31      =   0.       8:33      =   0.     
 + 8:34      =   0.       8:36      =   0.       8:54      =   0.     
 + 8:72      =   0.       8:75      =   0.       8:79      =   0.     
 + 8:81      =   0.       8:84      =   0.       8:86      =   0.     
 + 8:88      =   0.       8:91      =   0.       8:95      =   0.     
 + 8:97      =   0.       8:100     =   0.       8:102     =   0.     
 + 8:105     =   0.       8:106     =   0.       8:111     =   0.     
 + 8:112     =   0.       8:117     =   0.       8:118     =   0.     
 + 8:123     =   0.       8:124     =   0.       8:129     =   0.     
 + 8:130     =   0.       8:135     =   0.       8:136     =   0.     
 + 9:4       =   1.8000   9:5       =   1.8000   9:11      =   1.8000 
 + 9:12      =   1.8000   9:15      =   1.8000   9:16      =   1.8000 
 + 9:18      =   1.8000   9:19      =   1.8000   9:23      =   1.8000 
 + 9:24      =   1.8000   9:28      =   1.8000   9:29      =   1.8000 
 + 9:44      =   1.8000   9:46      =   1.8000   9:49      =   1.8000 
 + 9:51      =   1.8000   9:54      =   1.8000   9:55      =   1.8000 
 + 9:60      =   1.8000   9:61      =   1.8000   9:66      =   1.8000 
 + 9:67      =   1.8000  10:15      =   0.      10:16      =   0.     
 +10:19      =   0.      10:20      =   0.      10:22      =   0.     
 +10:23      =   0.      10:27      =   0.      10:28      =   0.     
 +10:30      =   0.      10:31      =   0.      10:33      =   0.     
 +10:34      =   0.      10:36      =   0.      10:54      =   0.     
 +10:72      =   0.      10:75      =   0.      10:79      =   0.     
 +10:81      =   0.      10:84      =   0.      10:86      =   0.     
 +10:88      =   0.      10:91      =   0.      10:95      =   0.     
 +10:97      =   0.      10:100     =   0.      10:102     =   0.     
 +10:105     =   0.      10:106     =   0.      10:111     =   0.     
 +10:112     =   0.      10:117     =   0.      10:118     =   0.     
 +10:123     =   0.      10:124     =   0.      10:129     =   0.     
 +10:130     =   0.      10:135     =   0.      10:136     =   0.     
 +11:4       =   1.8000  11:5       =   1.8000  11:11      =   1.8000 
 +11:12      =   1.8000  11:15      =   1.8000  11:16      =   1.8000 
 +11:18      =   1.8000  11:19      =   1.8000  11:23      =   1.8000 
 +11:24      =   1.8000  11:28      =   1.8000  11:29      =   1.8000 
 +11:44      =   1.8000  11:46      =   1.8000  11:49      =   1.8000 
 +11:51      =   1.8000  11:54      =   1.8000  11:55      =   1.8000 
 +11:60      =   1.8000  11:61      =   1.8000  11:66      =   1.8000 
 +11:67      =   1.8000  12:6       =   1.8000  12:7       =   1.8000 
 +12:15      =   1.8000  12:16      =   1.8000  12:19      =   1.8000 
 +12:20      =   1.8000  12:22      =   1.8000  12:23      =   1.8000 
 +12:25      =   1.8000  12:26      =   1.8000  12:28      =   1.8000 
 +12:29      =   1.8000  12:33      =   1.8000  12:34      =   1.8000 
 +12:38      =   1.8000  12:39      =   1.8000  12:41      =   1.8000 
 +12:47      =   1.8000  12:53      =   1.8000  12:59      =   1.8000 
 +12:66      =   1.8000  12:68      =   1.8000  12:70      =   1.8000 
 +12:72      =   1.8000  12:74      =   1.8000  12:76      =   1.8000 
 +12:78      =   1.8000  12:80      =   1.8000  12:82      =   1.8000 
 +12:83      =   1.8000  12:88      =   1.8000  12:89      =   1.8000 
 +12:94      =   1.8000  12:95      =   1.8000  12:100     =   1.8000 
 +12:101     =   1.8000  12:106     =   1.8000  12:107     =   1.8000 
 +13:4       =   1.8000  13:5       =   1.8000  13:11      =   1.8000 
 +13:12      =   1.8000  13:15      =   1.8000  13:16      =   1.8000 
 +13:18      =   1.8000  13:19      =   1.8000  13:23      =   1.8000 
 +13:24      =   1.8000  13:28      =   1.8000  13:29      =   1.8000 
 +13:44      =   1.8000  13:46      =   1.8000  13:49      =   1.8000 
 +13:51      =   1.8000  13:54      =   1.8000  13:55      =   1.8000 
 +13:60      =   1.8000  13:61      =   1.8000  13:66      =   1.8000 
 +13:67      =   1.8000  14:4       =   1.8000  14:5       =   1.8000 
 +14:11      =   1.8000  14:12      =   1.8000  14:15      =   1.8000 
 +14:16      =   1.8000  14:18      =   1.8000  14:19      =   1.8000 
 +14:23      =   1.8000  14:24      =   1.8000  14:28      =   1.8000 
 +14:29      =   1.8000  14:44      =   1.8000  14:46      =   1.8000 
 +14:49      =   1.8000  14:51      =   1.8000  14:54      =   1.8000 
 +14:55      =   1.8000  14:60      =   1.8000  14:61      =   1.8000 
 +14:66      =   1.8000  14:67      =   1.8000  15:2       =   0.     
 +15:8       =   0.      15:11      =   0.      16:2       =   2.1836n
 +16:3       =   2.1844n 16:4       =   2.1844n 16:5       =   2.1845n
 +16:8       =   2.1835n 16:11      =   2.2146n 16:12      =   2.1853n
 +16:16      =   2.1646n 16:17      =   2.1841n 16:22      =   2.1435n
 +16:23      =   2.1827n 17:2       =   3.3019n 17:3       =   3.3027n
 +17:4       =   3.3026n 17:5       =   3.3028n 17:8       =   3.3018n
 +17:11      =   3.3419n 17:12      =   3.3038n 17:16      =   3.2642n
 +17:17      =   3.3020n 17:22      =   3.2627n 17:23      =   3.3010n
 +18:2       =   3.2530n 18:3       =   3.2538n 18:4       =   3.2538n
 +18:5       =   3.2540n 18:8       =   3.2529n 18:11      =   3.2925n
 +18:12      =   3.2549n 18:16      =   3.2156n 18:17      =   3.2532n
 +18:22      =   3.2147n 18:23      =   3.2522n 19:2       =  12.0877n
 +19:3       =  12.0877n 19:4       =  12.0874n 19:5       =  12.0879n
 +19:8       =  12.0877n 19:11      =  12.1769n 19:12      =  12.0902n
 +19:16      =  11.9108n 19:17      =  12.0844n 19:22      =  12.0877n
 +19:23      =  12.0877n 20:2       =   1.7142n 20:3       =   1.7151n
 +20:4       =   1.7151n 20:5       =   1.7152n 20:8       =   1.7141n
 +20:11      =   1.7453n 20:12      =   1.7160n 20:16      =   1.6954n
 +20:17      =   1.7147n 20:22      =   1.6741n 20:23      =   1.7134n
 +21:2       =   2.7759n 21:3       =   2.7767n 21:4       =   2.7767n
 +21:5       =   2.7769n 21:8       =   2.7758n 21:11      =   2.8159n
 +21:12      =   2.7778n 21:16      =   2.7384n 21:17      =   2.7760n
 +21:22      =   2.7365n 21:23      =   2.7750n 22:2       =   2.6872n
 +22:3       =   2.6881n 22:4       =   2.6880n 22:5       =   2.6882n
 +22:8       =   2.6872n 22:11      =   2.7267n 22:12      =   2.6892n
 +22:16      =   2.6499n 22:17      =   2.6874n 22:22      =   2.6489n
 +22:23      =   2.6864n 23:2       =  11.4732n 23:3       =  11.4732n
 +23:4       =  11.4730n 23:5       =  11.4735n 23:8       =  11.4732n
 +23:11      =  11.5625n 23:12      =  11.4757n 23:16      =  11.2964n
 +23:17      =  11.4700n 23:22      =  11.4732n 23:23      =  11.4732n
 +24:2       =   1.0328n 24:3       =   1.0375n 24:4       =   1.0208n
 +24:5       =   1.0314n 24:6       =   1.0103n 24:7       =   1.0192n
 +24:8       =   1.0029n 24:9       =   1.0082n 24:10      = 988.9359p
 +24:11      =   1.0008n 24:12      = 980.7820p 24:13      = 986.4177p
 +24:14      = 960.1039p 24:15      = 977.7495p 24:16      = 933.7075p
 +24:17      = 956.1410p 24:18      = 884.2471p 24:19      = 928.8141p
 +24:20      = 853.3212p 24:21      = 879.4810p 24:22      = 818.9837p
 +24:23      = 847.8358p 24:24      = 787.2034p 24:25      = 814.0840p
 +24:26      = 751.5337p 24:27      = 781.5437p 24:28      = 718.1223p
 +24:29      = 746.4167p 24:30      = 677.7941p 24:31      = 711.9113p
 +24:32      = 638.4593p 24:33      = 671.8525p 24:34      = 616.3383p
 +24:35      = 631.4903p 24:36      = 568.8844p 24:37      = 608.9040p
 +24:38      = 515.7860p 24:39      = 560.5196p 24:40      = 425.3144p
 +24:41      = 506.4908p 24:42      = 369.4213p 24:43      = 416.6700p
 +24:44      = 307.6388p 24:45      = 359.5343p 24:46      = 250.8903p
 +24:47      = 298.8607p 24:48      = 187.6827p 24:49      = 240.8290p
 +24:50      = 129.3006p 24:51      = 178.6871p 24:52      =  65.0385p
 +24:53      = 118.9938p 24:54      =   4.2063p 24:55      =  55.7578p
 +24:56      =   1.0384n 24:57      =   1.0327n 24:58      =   1.0323n
 +24:59      =   1.0200n 24:60      =   1.0200n 24:61      =   1.0095n
 +24:62      =   1.0093n 24:63      =   1.0019n 24:64      =   1.0019n
 +24:65      = 987.7378p 24:66      = 987.7013p 24:67      = 979.8455p
 +24:68      = 979.4984p 24:69      = 958.7022p 24:70      = 958.3551p
 +24:71      = 931.8406p 24:72      = 931.4934p 24:73      = 881.9310p
 +24:74      = 881.8862p 24:75      = 850.6109p 24:76      = 850.5915p
 +24:77      = 816.5993p 24:78      = 816.5555p 24:79      = 784.4356p
 +24:80      = 784.3984p 24:81      = 749.1052p 24:82      = 749.0182p
 +24:83      = 675.1239p 24:84      = 674.9229p 24:85      = 634.9748p
 +24:86      = 634.9748p 24:87      = 613.2009p 24:88      = 612.8538p
 +24:89      = 565.2818p 24:90      = 564.9346p 24:91      = 511.7182p
 +24:92      = 511.3710p 24:93      = 421.0588p 24:94      = 421.0142p
 +24:95      = 364.5106p 24:96      = 364.4910p 24:97      = 303.3149p
 +24:98      = 303.2713p 24:99      = 245.9221p 24:100     = 245.8847p
 +24:101     = 183.3149p 24:102     = 183.2279p 24:103     = 124.1472p
 +24:104     = 124.1472p 24:105     =  60.6988p 24:106     =  60.4977p
 +24:107     = 3.251e-20 24:115     = 715.1699p 24:119     =   1.4000n
 +24:120     =   1.0425n 24:124     =   1.3944n 24:125     =   1.0370n
 +24:129     =   1.0200n 24:130     =   1.0200n 24:134     =   1.2080n
 +24:135     =   1.0118n 24:139     =   1.0398n 24:140     =   1.0024n
 +24:144     =   1.0258n 24:145     = 988.1675p 24:149     =   1.3414n
 +24:150     = 983.9849p 24:154     =   1.3203n 24:155     = 962.8416p
 +24:159     =   1.2934n 24:160     = 935.9799p 24:165     = 921.1559p
 +24:166     = 882.4475p 24:169     = 870.8267p 24:170     = 850.8423p
 +24:175     = 854.9156p 24:176     = 817.1038p 24:179     = 823.1855p
 +24:180     = 784.8792p 24:185     = 825.1453p 24:186     = 750.1063p
 +24:189     = 715.1699p 24:190     = 715.1699p 24:195     = 851.0161p
 +24:196     = 677.4398p 24:199     = 634.9748p 24:200     = 634.9748p
 +24:204     = 974.8014p 24:205     = 617.3403p 24:209     = 926.8821p
 +24:210     = 569.4212p 24:214     = 873.3185p 24:215     = 515.8575p
 +24:220     = 460.0230p 24:221     = 421.5718p 24:224     = 384.9867p
 +24:225     = 364.7450p 24:230     = 341.4359p 24:231     = 303.8168p
 +24:234     = 284.8652p 24:235     = 246.3679p 24:240     = 259.3551p
 +24:241     = 184.3160p 24:244     = 124.1472p 24:245     = 124.1472p
 +24:250     = 236.5909p 24:251     =  63.0146p 24:254     =  22.0718a
 +24:255     = 2.848e-19 24:285     = 715.1699p 25:2       =   1.8000 
 +25:3       =   1.8000  25:4       =   1.8000  25:5       =   1.8000 
 +25:6       =   1.8000  25:7       =   1.8000  25:8       =   1.8000 
 +25:9       =   1.8000  25:10      =   1.8000  25:11      =   1.8000 
 +25:12      =   1.8000  25:13      =   1.8000  25:14      =   1.8000 
 +25:15      =   1.8000  25:16      =   1.8000  25:17      =   1.8000 
 +25:18      =   1.8000  25:19      =   1.8000  25:20      =   1.8000 
 +25:21      =   1.8000  25:22      =   1.8000  25:23      =   1.8000 
 +25:24      =   1.8000  25:25      =   1.8000  25:26      =   1.8000 
 +25:27      =   1.8000  25:28      =   1.8000  25:29      =   1.8000 
 +25:30      =   1.8000  25:31      =   1.8000  25:32      =   1.8000 
 +25:33      =   1.8000  25:34      =   1.8000  25:35      =   1.8000 
 +25:36      =   1.8000  25:37      =   1.8000  25:38      =   1.8000 
 +25:39      =   1.8000  25:40      =   1.8000  25:41      =   1.8000 
 +25:42      =   1.8000  25:43      =   1.8000  25:44      =   1.8000 
 +25:45      =   1.8000  25:46      =   1.8000  25:47      =   1.8000 
 +25:48      =   1.8000  25:49      =   1.8000  25:50      =   1.8000 
 +25:51      =   1.8000  25:52      =   1.8000  25:53      =   1.8000 
 +25:54      =   1.8000  25:55      =   1.8000  25:56      =   1.8000 
 +25:57      =   1.8000  25:58      =   1.8000  25:59      =   1.8000 
 +25:60      =   1.8000  25:61      =   1.8000  25:62      =   1.8000 
 +25:63      =   1.8000  25:64      =   1.8000  25:65      =   1.8000 
 +25:66      =   1.8000  25:67      =   1.8000  25:68      =   1.8000 
 +25:69      =   1.8000  25:75      =   1.8000  25:76      =   1.8000 
 +25:80      =   1.8000  25:81      =   1.8000  25:85      =   1.8000 
 +25:86      =   1.8000  25:90      =   1.8000  25:91      =   1.8000 
 +25:95      =   1.8000  25:96      =   1.8000  25:100     =   1.8000 
 +25:101     =   1.8000  25:105     =   1.8000  25:106     =   1.8000 
 +25:110     =   1.8000  25:111     =   1.8000  25:115     =   1.8000 
 +25:116     =   1.8000  25:120     =   1.8000  25:121     =   1.8000 
 +25:125     =   1.8000  25:126     =   1.8000  25:130     =   1.8000 
 +25:131     =   1.8000  25:135     =   1.8000  25:136     =   1.8000 
 +25:140     =   1.8000  25:141     =   1.8000  25:145     =   1.8000 
 +25:146     =   1.8000  25:150     =   1.8000  25:151     =   1.8000 
 +25:155     =   1.8000  25:156     =   1.8000  25:160     =   1.8000 
 +25:161     =   1.8000  25:167     =   1.8000 


          ***** job concluded
 ******  
 **testbench**

 ****** job statistics summary tnom=  25.000 temp=  25.000 ******
  
 ******  Machine Information  ******
 CPU:
 model name	: Intel(R) Core(TM) i7-3770 CPU @ 3.40GHz
 cpu MHz	: 3392.245
 CPU(s)		: 8
  
 OS:
 Linux version 2.6.32-642.el6.x86_64 (mockbuild@worker1.bsys.centos.org) (gcc version 4.4.7 20120313 (Red Hat 4.4.7-17) (GCC) ) #1 SMP Tue May 10 17:27:01 UTC 2016

 System loadavg : 0.59 0.69 0.81 2/407 19637


  ******  PrimeSim HSPICE Threads Information  ******

  Command Line Threads Count :     1
  Available CPU Count        :     8
  Actual Threads Count       :     1


  ******  Circuit Statistics  ******
  # nodes       =    1068 # elements   =    1300
  # resistors   =     882 # capacitors =     341 # inductors   =       0
  # mutual_inds =       0 # vccs       =       0 # vcvs        =       0
  # cccs        =       0 # ccvs       =       0 # volt_srcs   =       5
  # curr_srcs   =       0 # diodes     =       0 # bjts        =       0
  # jfets       =       0 # mosfets    =      72 # U elements  =       0
  # T elements  =       0 # W elements =       0 # B elements  =       0
  # S elements  =       0 # P elements =       0 # va device   =       0
  # vector_srcs =       0 # N elements =       0


  ******  Runtime Statistics (seconds)  ******

  analysis           time    # points   tot. iter  conv.iter
  op point           0.03           1          32
  transient          0.35      200001        1626         598 rev=         9
  readin             0.04
  errchk             0.01
  setup              0.04
  output             0.00


           peak memory used        443.78 megabytes
           total cpu time            0.50 seconds
           total elapsed time        0.81 seconds
           job started at     20:43:12 03/28/2022
           job ended   at     20:43:13 03/28/2022
           job total runtime         0.81 seconds


 lic: Release hspice token(s) 
 lic: total license checkout elapse time:        0.30(s)
