 ****** PrimeSim HSPICE -- R-2020.12-SP2 linux64 (May 24 2021 7074677) ******
  Copyright (c) 1986 - 2022 by Synopsys, Inc. All Rights Reserved.
  This software and the associated documentation are proprietary
  to Synopsys, Inc. This software may only be used in accordance
  with the terms and conditions of a written license agreement with
  Synopsys, Inc. All other use, reproduction, or distribution of
  this software is strictly prohibited.
  Input File: ring_oscillator.sp                                                
  Command line options: /cad/synopsys/hspice/2020.12-sp2/hspice/linux64/hspice -i ring_oscillator.sp -o ring_oscillator.lis
  Start time: Mon May  9 21:03:12 2022
 lic:  
 lic: FLEXlm: SDK_12.9.5 
 lic: USER:   vlsisj2022063        HOSTNAME: tsri24 
 lic: HOSTID: b4b52fcd99a1         PID:      6733 
 lic: Using FLEXlm license file: 
 lic: 26585@lsncku 
 lic: Checkout 1 hspice 
 lic: License/Maintenance for hspice will expire on 14-may-2022/2021.09 
 lic: 129(in_use)/190(total) FLOATING license(s) on SERVER 26585@lsncku 
 lic:   
  **warning** (inv.cir:1) Global net name "gnd" in subckt pin list. The pin will be connected to the local net. Recommend to not use global net names in subckt pin lists.
1****** PrimeSim HSPICE -- R-2020.12-SP2 linux64 (May 24 2021 7074677) ******
 ******  
 **testbench**

 ****** circuit name directory
 circuit number to circuit name directory
   number circuitname                     definition         multiplier
        0 main circuit
        1 xring_oscillator.               ring_oscillator    1.00 
        2 xring_oscillator.xinv1.         inv                1.00 
        3 xring_oscillator.xinv2.         inv                1.00 
        4 xring_oscillator.xinv3.         inv                1.00 
        5 xring_oscillator.xinv4.         inv                1.00 
        6 xring_oscillator.xinv5.         inv                1.00 
 

  
      
 **info** set option symb=1 internally to help for convergence.
 *****************************************************************
 ******  option summary
 ******
 runlvl  = 3         bypass  = 2.0000    
  Opening plot unit= 15
 file=ring_oscillator.pa0

 ******
 **testbench**

 ****** transient analysis tnom=  25.000 temp=  25.000 ******
 period= 324.4761p  targ=   3.3047n   trig=   2.9803n
 frequency=   3.0819g
 t_on= 163.8689p  targ=   3.3047n   trig=   3.1409n
 duty_cycle= 505.0261m

          ***** job concluded
 ******  
 **testbench**

 ****** job statistics summary tnom=  25.000 temp=  25.000 ******
  
 ******  Machine Information  ******
 CPU:
 model name	: Intel(R) Core(TM) i7-3770 CPU @ 3.40GHz
 cpu MHz	: 3392.299
 CPU(s)		: 8
  
 OS:
 Linux version 2.6.32-642.el6.x86_64 (mockbuild@worker1.bsys.centos.org) (gcc version 4.4.7 20120313 (Red Hat 4.4.7-17) (GCC) ) #1 SMP Tue May 10 17:27:01 UTC 2016

 System loadavg : 1.06 1.00 1.12 2/384 6736


  ******  PrimeSim HSPICE Threads Information  ******

  Command Line Threads Count :     1
  Available CPU Count        :     8
  Actual Threads Count       :     1


  ******  Circuit Statistics  ******
  # nodes       =      27 # elements   =      11
  # resistors   =       0 # capacitors =       0 # inductors   =       0
  # mutual_inds =       0 # vccs       =       0 # vcvs        =       0
  # cccs        =       0 # ccvs       =       0 # volt_srcs   =       1
  # curr_srcs   =       0 # diodes     =       0 # bjts        =       0
  # jfets       =       0 # mosfets    =      10 # U elements  =       0
  # T elements  =       0 # W elements =       0 # B elements  =       0
  # S elements  =       0 # P elements =       0 # va device   =       0
  # vector_srcs =       0 # N elements =       0


  ******  Runtime Statistics (seconds)  ******

  analysis           time    # points   tot. iter  conv.iter
  op point           0.00           1           0
  transient          0.46       50001       17084        6049 rev=         1
  readin             0.02
  errchk             0.00
  setup              0.00
  output             0.00


           peak memory used        439.80 megabytes
           total cpu time            0.50 seconds
           total elapsed time        0.82 seconds
           job started at     21:03:12 05/09/2022
           job ended   at     21:03:13 05/09/2022
           job total runtime         0.82 seconds


 lic: Release hspice token(s) 
 lic: total license checkout elapse time:        0.32(s)
