### Custom WaveView ADV log file, revision R-2020.12 (build Nov 24, ) ###
### created at 22:08:22 on Wed May 11 2022 (Linux AMD64) ###
### Host Name: tsri06   User ID: vlsisj2022063   PID: 28967   ###
wv_start_log
# (0) running in waveview only mode
# (0) SW_SX_PERL_LIB defined
# (0) SW_SX_TCL_LIB defined
# (0) HOME defined
wv_move_window {Custom WaveView} {} 559 321
wv_select_window {Custom WaveView} 
wv_press_tool_button {Custom WaveView} {} {OpenWaveform0} 
wv_select_dialog {FileDialog} 
wv_move_scrollbar {FileDialog} {} {FileList.HScrollBar} {49}
wv_move_scrollbar {FileDialog} {} {FileList.HScrollBar} {0}
wv_select_list_item {FileDialog} {} {FileList} {ring_oscillator.lis} 5
wv_select_list_item {FileDialog} {} {FileList} {ring_oscillator.mt0} 6
wv_select_list_item {FileDialog} {} {FileList} {ring_oscillator.lis} 5
wv_select_list_item {FileDialog} {} {FileList} {ring_oscillator.tr0} 11
wv_press_button {FileDialog} {} {Apply} 
wv_close_dialog {FileDialog} 
wv_select_window {Custom WaveView} 
wv_expand_tree_item {Custom WaveView} {} {hierview} {D0:ring_oscillator.tr0(0)} {+sep=@}
wv_select_tree_item {Custom WaveView} {} {hierview} {D0:ring_oscillator.tr0(0)@toplevel(0)} {0} {+sep=@}
wv_select_list_item {Custom WaveView} {} {sigview} {v(vdd)} 2
wv_select_list_item {Custom WaveView} {} {sigview} {i(vvdd)} 0
wv_select_list_item {Custom WaveView} {} {sigview} {v(vdd)} 2
wv_select_list_item {Custom WaveView} {} {sigview} {v(vin)} 3
wv_select_list_item {Custom WaveView} {} {sigview} {v(vin)} 3
wv_dclick_list_item {Custom WaveView} {} {sigview} {v(vin)} 3
wv_select_waveview 1 {waveview 1}
wv_select_wv_item WV1.PANEL1:1.XAXIS1
wv_drag_item_to WV1 435 16
wv_zoom_x WV1.PANEL1:1 1.01913e-08 -1.97889e-10
wv_press_tool_button {Custom WaveView} {} {UpdateWave0} 
wv_press_tool_button {Custom WaveView} {} {Print0} 
wv_select_dialog {PrintSetup} 
wv_set_check {PrintSetup} {} {PrintToFile} 1
wv_press_button {PrintSetup} {} {PathBrowser} 
wv_press_button {FileDialog} {} {Up} 
wv_press_button {FileDialog} {} {Up} 
wv_select_list_item {FileDialog} {} {FileList} {report_file} 5
wv_dclick_list_item {FileDialog} {} {FileList} {report_file} 5
wv_press_button {FileDialog} {} {Up} 
wv_select_list_item {FileDialog} {} {FileList} {screenshot} 7
wv_dclick_list_item {FileDialog} {} {FileList} {screenshot} 7
wv_select_list_item {FileDialog} {} {FileList} {lab3_2} 12
wv_dclick_list_item {FileDialog} {} {FileList} {lab3_2} 12
wv_select_list_item {FileDialog} {} {FileList} {lab3_2a_data.txt} 2
wv_set_text {FileDialog} {} {FileName} "lab3_2a_.txt"
wv_press_button {FileDialog} {} {Up} 
wv_select_list_item {FileDialog} {} {FileList} {lab2_3} 10
wv_dclick_list_item {FileDialog} {} {FileList} {lab2_3} 10
wv_press_button {FileDialog} {} {Up} 
wv_select_list_item {FileDialog} {} {FileList} {lab2_2} 9
wv_dclick_list_item {FileDialog} {} {FileList} {lab2_2} 9
wv_press_button {FileDialog} {} {Up} 
wv_select_list_item {FileDialog} {} {FileList} {lab1_3b} 7
wv_dclick_list_item {FileDialog} {} {FileList} {lab1_3b} 7
wv_press_button {FileDialog} {} {Up} 
wv_select_list_item {FileDialog} {} {FileList} {lab3_2} 12
wv_dclick_list_item {FileDialog} {} {FileList} {lab3_2} 12
wv_select_list_item {FileDialog} {} {FileList} {lab3_2a_data.txt} 2
wv_set_text {FileDialog} {} {FileName} "lab3_2a_waveform"
wv_press_button {FileDialog} {} {Ok} 
wv_press_button {PrintSetup} {} {Print} 
wv_press_tool_button {Custom WaveView} {} {OpenWaveformFile0} 
wv_select_dialog {FileDialog} 
wv_close_dialog {FileDialog} 
wv_select_window {Custom WaveView} 
wv_select_tree_item {Custom WaveView} {} {hierview} {D0:ring_oscillator.tr0(0)} {0} {+sep=@}
wv_tree_context_menu {Custom WaveView} {} {hierview} 175 11 {D0:ring_oscillator.tr0(0)} {+sep=@}
wv_select_menu_item {Custom WaveView} {} {FileViewPopMenu.Close This File} 
wv_press_button {Confirmation} {} {Ok} 
wv_press_tool_button {Custom WaveView} {} {OpenWaveformFile0} 
wv_select_dialog {FileDialog} 
wv_press_button {FileDialog} {} {Up} 
wv_press_button {FileDialog} {} {Up} 
wv_select_list_item {FileDialog} {} {FileList} {hspice} 3
wv_dclick_list_item {FileDialog} {} {FileList} {hspice} 3
wv_select_list_item {FileDialog} {} {FileList} {lab2_2} 10
wv_dclick_list_item {FileDialog} {} {FileList} {lab2_2} 10
wv_press_button {FileDialog} {} {Up} 
wv_select_list_item {FileDialog} {} {FileList} {lab3_2} 13
wv_dclick_list_item {FileDialog} {} {FileList} {lab3_2} 13
wv_move_scrollbar {FileDialog} {} {FileList.HScrollBar} {96}
wv_move_scrollbar {FileDialog} {} {FileList.HScrollBar} {115}
wv_select_list_item {FileDialog} {} {FileList} {ring_oscillator_pex.tr0} 15
wv_select_list_item {FileDialog} {} {FileList} {ring_oscillator_pex.tr0} 15
wv_dclick_list_item {FileDialog} {} {FileList} {ring_oscillator_pex.tr0} 15
wv_select_tree_item {Custom WaveView} {} {hierview} {D0:ring_oscillator_pex.tr0(0)} {0} {+sep=@}
wv_expand_tree_item {Custom WaveView} {} {hierview} {D0:ring_oscillator_pex.tr0(0)} {+sep=@}
wv_select_tree_item {Custom WaveView} {} {hierview} {D0:ring_oscillator_pex.tr0(0)} {0} {+sep=@}
wv_select_tree_item {Custom WaveView} {} {hierview} {D0:ring_oscillator_pex.tr0(0)@toplevel(0)} {0} {+sep=@}
wv_expand_tree_item {Custom WaveView} {} {hierview} {D0:ring_oscillator_pex.tr0(0)@toplevel(0)} {+sep=@}
wv_select_tree_item {Custom WaveView} {} {hierview} {D0:ring_oscillator_pex.tr0(0)@toplevel(0)} {0} {+sep=@}
wv_select_list_item {Custom WaveView} {} {sigview} {v(vin)} 3
wv_dclick_list_item {Custom WaveView} {} {sigview} {v(vin)} 3
wv_select_waveview 1 {waveview 1}
wv_select_wv_item WV1.PANEL1:1.XAXIS1
wv_drag_item_to WV1 430 17
wv_zoom_x WV1.PANEL1:1 1.00264e-08 -2.96834e-10
wv_press_tool_button {Custom WaveView} {} {Print0} 
wv_select_dialog {PrintSetup} 
wv_press_button {PrintSetup} {} {PathBrowser} 
wv_press_button {FileDialog} {} {Up} 
wv_press_button {FileDialog} {} {Up} 
wv_select_list_item {FileDialog} {} {FileList} {screenshot} 7
wv_dclick_list_item {FileDialog} {} {FileList} {screenshot} 7
wv_select_list_item {FileDialog} {} {FileList} {lab3_2} 12
wv_dclick_list_item {FileDialog} {} {FileList} {lab3_2} 12
wv_select_list_item {FileDialog} {} {FileList} {lab3_2a_waveform} 3
wv_set_text {FileDialog} {} {FileName} "lab3_2b_waveform"
wv_press_button {FileDialog} {} {Ok} 
wv_press_button {PrintSetup} {} {Print} 
wv_press_tool_button {Custom WaveView} {} {OpenWaveformFile0} 
wv_select_dialog {FileDialog} 
wv_press_button {FileDialog} {} {Up} 
wv_press_button {FileDialog} {} {Up} 
wv_select_list_item {FileDialog} {} {FileList} {hspice} 3
wv_dclick_list_item {FileDialog} {} {FileList} {hspice} 3
wv_select_list_item {FileDialog} {} {FileList} {lab2_2} 10
wv_dclick_list_item {FileDialog} {} {FileList} {lab2_2} 10
wv_move_scrollbar {FileDialog} {} {FileList.HScrollBar} {233}
wv_move_scrollbar {FileDialog} {} {FileList.HScrollBar} {249}
wv_press_button {FileDialog} {} {Up} 
wv_select_list_item {FileDialog} {} {FileList} {lab3_2} 13
wv_dclick_list_item {FileDialog} {} {FileList} {lab3_2} 13
wv_move_scrollbar {FileDialog} {} {FileList.HScrollBar} {261}
wv_select_list_item {FileDialog} {} {FileList} {vco.tr0} 21
wv_press_button {FileDialog} {} {Ok} 
wv_select_waveview 1 {waveview 1}
wv_select_wv_item WV1.PANEL1:1.LEGEND
wv_select_panel WV1.PANEL1:1.LEGEND
wv_select_waveview 1 {waveview 1}
wv_waveview_context_menu WV1.PANEL1:1.LEGEND
wv_select_waveview 1 {waveview 1}
wv_select_menu_item {Custom WaveView} {waveview 1:1} {PanelPopMenu.Delete} 
wv_move_window {Confirmation} {} 867 472
wv_press_button {Confirmation} {} {Ok} 
wv_select_tree_item {Custom WaveView} {} {hierview} {D0:vco.tr0(1)} {0} {+sep=@}
wv_expand_tree_item {Custom WaveView} {} {hierview} {D0:vco.tr0(1)} {+sep=@}
wv_select_tree_item {Custom WaveView} {} {hierview} {D0:vco.tr0(1)} {0} {+sep=@}
wv_select_tree_item {Custom WaveView} {} {hierview} {D0:vco.tr0(1)@toplevel(0)} {0} {+sep=@}
wv_expand_tree_item {Custom WaveView} {} {hierview} {D0:vco.tr0(1)@toplevel(0)} {+sep=@}
wv_select_tree_item {Custom WaveView} {} {hierview} {D0:vco.tr0(1)@toplevel(0)} {0} {+sep=@}
wv_collapse_tree_item {Custom WaveView} {} {hierview} {D0:vco.tr0(1)@toplevel(0)} {+sep=@}
wv_select_tree_item {Custom WaveView} {} {hierview} {D0:vco.tr0(1)} {0} {+sep=@}
wv_select_tree_item {Custom WaveView} {} {hierview} {D0:vco.tr0(1)@toplevel(0)} {0} {+sep=@}
wv_select_list_item {Custom WaveView} {} {sigview} {v(net4)} 7
wv_dclick_list_item {Custom WaveView} {} {sigview} {v(net4)} 7
wv_select_list_item {Custom WaveView} {} {sigview} {v(net3)} 6
wv_dclick_list_item {Custom WaveView} {} {sigview} {v(net3)} 6
wv_select_waveview 1 {waveview 1}
wv_release_wv_item WV1 10 188
wv_select_waveview 1 {waveview 1}
wv_select_wv_item WV1.PANEL1:1.LEGEND
wv_select_panel WV1.PANEL1:1.LEGEND
wv_select_waveview 1 {waveview 1}
wv_waveview_context_menu WV1.PANEL1:1.LEGEND
wv_select_waveview 1 {waveview 1}
wv_select_menu_item {Custom WaveView} {waveview 1:1} {PanelPopMenu.Delete} 
wv_press_button {Confirmation} {} {Ok} 
wv_select_waveview 1 {waveview 1}
wv_select_wv_item WV1.PANEL1:1.LEGEND
wv_drag_item_to WV1 31 323
wv_select_panel WV1.PANEL1:1.LEGEND
wv_select_waveview 1 {waveview 1}
wv_waveview_context_menu WV1.PANEL1:1.LEGEND
wv_select_waveview 1 {waveview 1}
wv_select_menu_item {Custom WaveView} {waveview 1:1} {PanelPopMenu.Delete} 
wv_press_button {Confirmation} {} {Ok} 
wv_select_list_item {Custom WaveView} {} {sigview} {v(vin)} 11
wv_dclick_list_item {Custom WaveView} {} {sigview} {v(vin)} 11
wv_select_list_item {Custom WaveView} {} {sigview} {v(net1)} 4
wv_dclick_list_item {Custom WaveView} {} {sigview} {v(net1)} 4
wv_select_list_item {Custom WaveView} {} {sigview} {v(net2)} 5
wv_dclick_list_item {Custom WaveView} {} {sigview} {v(net2)} 5
wv_select_list_item {Custom WaveView} {} {sigview} {v(net3)} 6
wv_dclick_list_item {Custom WaveView} {} {sigview} {v(net3)} 6
wv_select_list_item {Custom WaveView} {} {sigview} {v(net4)} 7
wv_dclick_list_item {Custom WaveView} {} {sigview} {v(net4)} 7
wv_select_waveview 1 {waveview 1}
wv_select_wv_item WV1.PANEL1:1.XAXIS1
wv_drag_item_to WV1 244 13
wv_zoom_x WV1.PANEL1:1 3.89182e-09 -1.02243e-09
wv_select_waveview 1 {waveview 1}
wv_select_wv_item WV1.HSLIDER 258 820
wv_drag_item_to WV1 259 820
wv_drag_item_to WV1 227 815
wv_horz_scroll WV1 0
wv_select_waveview 1 {waveview 1}
wv_select_wv_item WV1.HSLIDER 226 820
wv_drag_item_to WV1 225 820
wv_drag_item_to WV1 192 815
wv_horz_scroll WV1 0
wv_press_tool_button {Custom WaveView} {} {Print0} 
wv_select_dialog {PrintSetup} 
wv_press_button {PrintSetup} {} {PathBrowser} 
wv_move_scrollbar {FileDialog} {} {FileList.HScrollBar} {103}
wv_press_button {FileDialog} {} {Up} 
wv_press_button {FileDialog} {} {Up} 
wv_select_list_item {FileDialog} {} {FileList} {screenshot} 7
wv_dclick_list_item {FileDialog} {} {FileList} {screenshot} 7
wv_press_button {FileDialog} {} {Up} 
wv_select_list_item {FileDialog} {} {FileList} {screenshot} 7
wv_dclick_list_item {FileDialog} {} {FileList} {screenshot} 7
wv_select_list_item {FileDialog} {} {FileList} {lab3_2} 12
wv_select_list_item {FileDialog} {} {FileList} {lab3_2} 12
wv_dclick_list_item {FileDialog} {} {FileList} {lab3_2} 12
wv_select_list_item {FileDialog} {} {FileList} {lab3_2a_waveform} 3
wv_set_text {FileDialog} {} {FileName} "lab3_c_waveform"
wv_press_button {FileDialog} {} {Ok} 
wv_press_button {PrintSetup} {} {Print} 
wv_select_waveview 1 {waveview 1}
wv_select_panel WV1.PANEL5:1 3.10782e-10 1.35633
wv_close_window {Custom WaveView} 
wv_select_dialog {Confirmation} 
#wv_press_button {Confirmation} {} {Ok} 
#*WARNING* Can not remove '/home/ncku_class/vlsisj2022/vlsisj2022063/.cx_hostport/.cx_hostport_tsri06_28967'.
