 ****** PrimeSim HSPICE -- R-2020.12-SP2 linux64 (May 24 2021 7074677) ******
  Copyright (c) 1986 - 2022 by Synopsys, Inc. All Rights Reserved.
  This software and the associated documentation are proprietary
  to Synopsys, Inc. This software may only be used in accordance
  with the terms and conditions of a written license agreement with
  Synopsys, Inc. All other use, reproduction, or distribution of
  this software is strictly prohibited.
  Input File: domino.sp                                                         
  Command line options: /cad/synopsys/hspice/2020.12-sp2/hspice/linux64/hspice -i domino.sp -o domino.lis
  Start time: Mon May 30 16:18:55 2022
 lic:  
 lic: FLEXlm: SDK_12.9.5 
 lic: USER:   vlsisj2022063        HOSTNAME: tsri01 
 lic: HOSTID: b4b52fce5fa3         PID:      28118 
 lic: Using FLEXlm license file: 
 lic: 26585@lstn 
 lic: Checkout 1 hspice 
 lic: License/Maintenance for hspice will expire on 14-may-2025/2021.09 
 lic: 299(in_use)/300(total) FLOATING license(s) on SERVER 26585@lstn 
 lic:   
  **warning** (domino.cir:18) Parameter name is not defined in .param. Please enter parameter variable with their respective value/expression.
  **warning** (domino.cir:31) Global net name "gnd" in subckt pin list. The pin will be connected to the local net. Recommend to not use global net names in subckt pin lists.
1****** PrimeSim HSPICE -- R-2020.12-SP2 linux64 (May 24 2021 7074677) ******
 ******  
 **testbench**

 ****** circuit name directory
 circuit number to circuit name directory
   number circuitname                     definition         multiplier
        0 main circuit
        1 xdomino.                        domino             1.00 
  **info** (domino.sp:28) DC voltage reset to initial transient source value in source 0:vclk. new dc=0.0000D+00
 

  
      
 **info** set option symb=1 internally to help for convergence.
 *****************************************************************
 ******  option summary
 ******
 runlvl  = 3         bypass  = 2.0000    
  Opening plot unit= 15
 file=domino.pa0

 **info** dc convergence successful at Newton-Raphson method 
 ******  
 **testbench**

 ****** operating point information tnom=  25.000 temp=  25.000 ******
 ****** operating point status is voltage   simulation time is     0.     
    node    =voltage      node    =voltage      node    =voltage

 +0:a       =   1.8000  0:b       =   1.8000  0:c       =   1.8000 
 +0:clk     =   0.      0:d       =   1.8000  0:e       =   1.8000 
 +0:f       =   0.      0:net1    =   1.8000  0:net2    =  11.8853n
 +0:vdd     =   1.8000  0:y       =   5.5634n 1:net1    =   1.8000 
 +1:net2    =   1.8000  1:net_022 =   1.5810  1:net_023 =   1.5631 
 +1:net_024 =  48.1050m 1:net_025 =   1.5233  1:net_026 =   1.5345 
 +1:net_38  =   1.7639  1:net_40  =   1.5558 

 ******
 **testbench**

 ****** transient analysis tnom=  25.000 temp=  25.000 ******
 rising_delay= 106.8917p  targ= 920.1569n   trig= 920.0500n

          ***** job concluded
 ******  
 **testbench**

 ****** job statistics summary tnom=  25.000 temp=  25.000 ******
  
 ******  Machine Information  ******
 CPU:
 model name	: Intel(R) Core(TM) i7-3770 CPU @ 3.40GHz
 cpu MHz	: 3392.478
 CPU(s)		: 8
  
 OS:
 Linux version 2.6.32-642.el6.x86_64 (mockbuild@worker1.bsys.centos.org) (gcc version 4.4.7 20120313 (Red Hat 4.4.7-17) (GCC) ) #1 SMP Tue May 10 17:27:01 UTC 2016

 System loadavg : 0.92 1.11 0.86 2/395 28121


  ******  PrimeSim HSPICE Threads Information  ******

  Command Line Threads Count :     1
  Available CPU Count        :     8
  Actual Threads Count       :     1


  ******  Circuit Statistics  ******
  # nodes       =      57 # elements   =      26
  # resistors   =       0 # capacitors =       0 # inductors   =       0
  # mutual_inds =       0 # vccs       =       0 # vcvs        =       0
  # cccs        =       0 # ccvs       =       0 # volt_srcs   =       8
  # curr_srcs   =       0 # diodes     =       0 # bjts        =       0
  # jfets       =       0 # mosfets    =      18 # U elements  =       0
  # T elements  =       0 # W elements =       0 # B elements  =       0
  # S elements  =       0 # P elements =       0 # va device   =       0
  # vector_srcs =       0 # N elements =       0


  ******  Runtime Statistics (seconds)  ******

  analysis           time    # points   tot. iter  conv.iter
  op point           0.01           1          35
  transient          0.14     2000001        3725        1466 rev=        77
  readin             0.01
  errchk             0.00
  setup              0.00
  output             0.00


           peak memory used        439.79 megabytes
           total cpu time            0.30 seconds
           total elapsed time        0.64 seconds
           job started at     16:18:55 05/30/2022
           job ended   at     16:18:56 05/30/2022
           job total runtime         0.64 seconds


 lic: Release hspice token(s) 
 lic: total license checkout elapse time:        0.34(s)
