 ****** PrimeSim HSPICE -- R-2020.12-SP2 linux64 (May 24 2021 7074677) ******
  Copyright (c) 1986 - 2022 by Synopsys, Inc. All Rights Reserved.
  This software and the associated documentation are proprietary
  to Synopsys, Inc. This software may only be used in accordance
  with the terms and conditions of a written license agreement with
  Synopsys, Inc. All other use, reproduction, or distribution of
  this software is strictly prohibited.
  Input File: path_delay.sp                                                     
  Command line options: /cad/synopsys/hspice/2020.12-sp2/hspice/linux64/hspice -i path_delay.sp -o path_delay_4_pex.lis
  Start time: Thu Apr 14 18:07:55 2022
 lic:  
 lic: FLEXlm: SDK_12.9.5 
 lic: USER:   vlsisj2022063        HOSTNAME: tsri09 
 lic: HOSTID: b4b52fd58588         PID:      11663 
 lic: Using FLEXlm license file: 
 lic: 26585@lsncku 
 lic: Checkout 1 hspice 
 lic: License/Maintenance for hspice will expire on 14-may-2022/2021.09 
 lic: 117(in_use)/190(total) FLOATING license(s) on SERVER 26585@lsncku 
 lic:   
  **warning** (path_delay_4.pex.netlist:7) Global net name "gnd" in subckt pin list. The pin will be connected to the local net. Recommend to not use global net names in subckt pin lists.
1****** PrimeSim HSPICE -- R-2020.12-SP2 linux64 (May 24 2021 7074677) ******
 ******  
 **testbench**

 ****** circuit name directory
 circuit number to circuit name directory
   number circuitname                     definition         multiplier
        0 main circuit
        1 xtest.                          path_delay_4       1.00 
        2 xtest.x_pm_path_delay_4%net9.   pm_path_delay_4%net9
                                                                 1.00 
        3 xtest.x_pm_path_delay_4%net10.  pm_path_delay_4%net10
                                                                 1.00 
        4 xtest.x_pm_path_delay_4%xi7/net1.
                                            pm_path_delay_4%xi7/net1
                                                                 1.00 
        5 xtest.x_pm_path_delay_4%net11.  pm_path_delay_4%net11
                                                                 1.00 
        6 xtest.x_pm_path_delay_4%out.    pm_path_delay_4%out
                                                                 1.00 
        7 xtest.x_pm_path_delay_4%net7.   pm_path_delay_4%net7
                                                                 1.00 
        8 xtest.x_pm_path_delay_4%gnd.    pm_path_delay_4%gnd
                                                                 1.00 
        9 xtest.x_pm_path_delay_4%pulse_in.
                                            pm_path_delay_4%pulse_in
                                                                 1.00 
       10 xtest.x_pm_path_delay_4%net14.  pm_path_delay_4%net14
                                                                 1.00 
       11 xtest.x_pm_path_delay_4%vdd.    pm_path_delay_4%vdd
                                                                 1.00 
       12 xtest.x_pm_path_delay_4%xi3/net1.
                                            pm_path_delay_4%xi3/net1
                                                                 1.00 
       13 xtest.x_pm_path_delay_4%xi3/net4.
                                            pm_path_delay_4%xi3/net4
                                                                 1.00 
       14 xtest.x_pm_path_delay_4%xi14/net4.
                                            pm_path_delay_4%xi14/net4
                                                                 1.00 
       15 xtest.x_pm_path_delay_4%xi14/net1.
                                            pm_path_delay_4%xi14/net1
                                                                 1.00 

**warning** NO.2 tran analysis statement is duplicate, ignored!
  **info** (path_delay.sp:51) DC voltage reset to initial transient source value in source 0:vclk. new dc=0.0000D+00
  **warning** (path_delay_4.pex.netlist.pex:573) Both nodes of element xtest.x_pm_path_delay_4%gnd.c13 are connected together; Line ignored.
 

 Warning(s) associated with encrypted block(s) were suppressed due to encrypted content.
             
 Summary of Linear Res Distribution Info
 ---------------------------------------
 |Range          |Total     |Percent(%)|
 |---------------+----------+----------|
 |1e-03  ~  1e-02|12        |1.7167    |
 |1e-02  ~  1e-01|147       |21.0300   |
 |1e-01  ~  1e+00|199       |28.4692   |
 |1e+00  ~  1e+03|341       |48.7840   |
 ---------------------------------------
              
             
 Summary of Linear Cap Distribution Info
 ---------------------------------------
 |Range          |Total     |Percent(%)|
 |---------------+----------+----------|
 |1e-19  ~  1e-18|1         |0.3378    |
 |1e-18  ~  1e-17|26        |8.7838    |
 |1e-17  ~  1e-16|113       |38.1757   |
 |1e-16  ~  1e-15|141       |47.6351   |
 |1e-15  ~  1e-14|14        |4.7297    |
 |1e-12  ~  1e-11|1         |0.3378    |
 ---------------------------------------
              
             
 Summary of Detailed RC Type Statistics
 -------------------------
 |Element Type|Number    |
 |------------+----------|
 |Constant Res|699       |
 |            |          |
 |Constant Cap|296       |
 -------------------------
              
  
      
 *****************************************************************
 ******  option summary
 ******
 runlvl  = 3         bypass  = 2.0000    
  Opening plot unit= 15
 file=path_delay_4_pex.pa0

 **info** dc convergence successful at Newton-Raphson method 
 ******  
 **testbench**

 ****** operating point information tnom=  25.000 temp=  25.000 ******
 ****** operating point status is voltage   simulation time is     0.     
     node    =voltage       node    =voltage       node    =voltage

 + 0:out     =  11.6824n  0:pulse_in=   0.       0:vdd     =   1.8000 
 + 1:n_net11_=   1.8000   1:n_xi7/ne=   1.5628   1:n_net11_=   1.8000 
 + 1:n_net9_x=   1.8000   1:n_xi7/ne=   1.5628   1:n_net11_=   1.8000 
 + 1:n_net9_x=   1.8000   1:n_xi7/ne=   1.5628   1:n_net11_=   1.8000 
 + 1:n_net9_x=   1.8000   1:n_xi7/ne=   1.5628   1:n_net11_=   1.8000 
 + 1:n_net9_x=   1.8000   1:n_xi7/ne=   1.5628   1:n_xi7/ne=   1.5628 
 + 1:n_net10_=   9.4142n  1:n_xi7/ne=   1.5628   1:n_net10_=   9.4142n
 + 1:n_gnd_xi=   2.0641n  1:n_xi7/ne=   1.5628   1:n_net10_=   9.4142n
 + 1:n_gnd_xi=   2.0452n  1:n_xi7/ne=   1.5628   1:n_net10_=   9.4142n
 + 1:n_gnd_xi=   2.0451n  1:n_xi7/ne=   1.5628   1:n_net10_=   9.4142n
 + 1:n_gnd_xi=   3.4266n  1:n_net11_=   1.8000   1:n_out_xi=  11.2347n
 + 1:n_net11_=   1.8000   1:n_gnd_xi=   2.3578n  1:n_out_xi=  11.2381n
 + 1:n_net11_=   1.8000   1:n_gnd_xi=   2.3575n  1:n_out_xi=  11.2387n
 + 1:n_net11_=   1.8000   1:n_gnd_xi=   2.4079n  1:n_out_xi=  11.2393n
 + 1:n_net11_=   1.8000   1:n_gnd_xi=   2.4076n  1:n_out_xi=  11.2396n
 + 1:n_net11_=   1.8000   1:n_gnd_xi=   2.4147n  1:n_out_xi=  11.2377n
 + 1:n_net11_=   1.8000   1:n_gnd_xi=   2.4144n  1:n_out_xi=  11.2378n
 + 1:n_net11_=   1.8000   1:n_gnd_xi=   2.3782n  1:n_out_xi=  11.2228n
 + 1:n_net11_=   1.8000   1:n_gnd_xi=   2.3778n  1:n_out_xi=  11.2204n
 + 1:n_net11_=   1.8000   1:n_gnd_xi=   1.7659n  1:n_xi3/ne=  17.3550n
 + 1:n_xi3/ne=  17.3192n  1:n_xi3/ne=   9.3481n  1:n_xi3/ne=   9.3123n
 + 1:n_net9_x=   1.8000   1:n_net7_x=  25.5326n  1:n_gnd_xi=   1.0874n
 + 1:n_net10_=   9.0585n  1:n_net14_=   1.8000   1:n_net10_=   9.0572n
 + 1:n_net14_=   1.8000   1:n_gnd_xi= 809.6369p  1:n_xi14/n=   1.5378 
 + 1:n_pulse_=   0.       1:n_xi14/n=   1.5590   1:n_xi14/n=   1.5378 
 + 1:n_net14_=   1.8000   1:n_xi14/n=   1.5590   1:n_net11_=   1.8000 
 + 1:n_net11_=   1.8000   1:n_net9_x=   1.8000   1:n_vdd_xi=   1.8000 
 + 1:n_net11_=   1.8000   1:n_net9_x=   1.8000   1:n_vdd_xi=   1.8000 
 + 1:n_net11_=   1.8000   1:n_net10_=   9.4142n  1:n_net11_=   1.8000 
 + 1:n_net10_=   9.4142n  1:n_vdd_xi=   1.8000   1:n_net11_=   1.8000 
 + 1:n_net10_=   9.4142n  1:n_vdd_xi=   1.8000   1:n_net11_=   1.8000 
 + 1:n_out_xi=  12.0764n  1:n_net11_=   1.8000   1:n_vdd_xi=   1.8000 
 + 1:n_out_xi=  12.0776n  1:n_net11_=   1.8000   1:n_vdd_xi=   1.8000 
 + 1:n_out_xi=  12.0774n  1:n_net11_=   1.8000   1:n_vdd_xi=   1.8000 
 + 1:n_out_xi=  12.0772n  1:n_net11_=   1.8000   1:n_vdd_xi=   1.8000 
 + 1:n_out_xi=  12.0771n  1:n_net11_=   1.8000   1:n_vdd_xi=   1.8000 
 + 1:n_out_xi=  12.0762n  1:n_net11_=   1.8000   1:n_vdd_xi=   1.8000 
 + 1:n_out_xi=  12.0761n  1:n_net11_=   1.8000   1:n_vdd_xi=   1.8000 
 + 1:n_out_xi=  12.0739n  1:n_net11_=   1.8000   1:n_vdd_xi=   1.8000 
 + 1:n_out_xi=  12.0737n  1:n_net11_=   1.8000   1:n_vdd_xi=   1.8000 
 + 1:n_net9_x=   1.8000   1:n_net7_x=  25.5326n  1:n_vdd_xi=   1.8000 
 + 1:n_net9_x=   1.8000   1:n_net7_x=  25.5326n  1:n_vdd_xi=   1.8000 
 + 1:n_net9_x=   1.8000   1:n_net7_x=  25.5326n  1:n_vdd_xi=   1.8000 
 + 1:n_net10_=   9.5591n  1:n_net14_=   1.8000   1:n_net10_=   9.5591n
 + 1:n_net14_=   1.8000   1:n_vdd_xi=   1.8000   1:n_net10_=   9.5769n
 + 1:n_net14_=   1.8000   1:n_vdd_xi=   1.8000   1:n_net10_=   9.5722n
 + 1:n_net14_=   1.8000   1:n_vdd_xi=   1.8000   1:n_net14_=   1.8000 
 + 1:n_pulse_=   0.       1:n_net14_=   1.8000   1:n_net14_=   1.8000 
 + 1:n_gnd_xi=   1.1026n  1:n_gnd_xi= 796.2590p  1:n_gnd_xi=   2.2049n
 + 1:n_gnd_xi=   1.3412n  1:n_gnd_xi=   1.4889n  1:n_gnd_xi=   2.0642n
 + 1:n_gnd_xi=   1.3021n  1:n_net7_x=  25.7072n  1:n_net7_x=  25.7073n
 + 1:n_net7_x=  25.6395n  1:n_net7_x=  25.3261n  1:n_net7_x=  25.5326n
 + 1:n_net7_x=  25.5326n  1:n_net9_x=   1.8000   1:n_net9_x=   1.8000 
 + 1:n_net9_x=   1.8000   1:n_net9_x=   1.8000   1:n_out_xi=  12.0765n
 + 1:n_out_xi=  11.2336n  1:n_vdd_xi=   1.8000   1:n_vdd_xi=   1.8000 
 + 1:n_vdd_xi=   1.8000   1:n_vdd_xi=   1.8000   1:n_vdd_xi=   1.8000 
 + 1:n_vdd_xi=   1.8000   1:n_vdd_xi=   1.8000   1:n_vdd_xi=   1.8000 
 + 1:n_vdd_xi=   1.8000   1:n_vdd_xi=   1.8000   1:n_vdd_xi=   1.8000 
 + 1:n_vdd_xi=   1.8000   1:n_vdd_xi=   1.8000   1:n_vdd_xi=   1.8000 
 + 1:n_vdd_xi=   1.8000   1:n_vdd_xi=   1.8000   1:n_vdd_xi=   1.8000 
 + 1:n_vdd_xi=   1.8000   1:n_vdd_xi=   1.8000   1:n_vdd_xi=   1.8000 
 + 1:n_vdd_xi=   1.8000   1:n_vdd_xi=   1.8000   2:4       =   1.8000 
 + 2:5       =   1.8000   2:6       =   1.8000   2:7       =   1.8000 
 + 2:8       =   1.8000   2:9       =   1.8000   2:13      =   1.8000 
 + 2:14      =   1.8000   2:18      =   1.8000   2:19      =   1.8000 
 + 2:23      =   1.8000   2:24      =   1.8000   2:25      =   1.8000 
 + 2:29      =   1.8000   2:30      =   1.8000   2:31      =   1.8000 
 + 2:35      =   1.8000   2:36      =   1.8000   2:37      =   1.8000 
 + 2:41      =   1.8000   2:45      =   1.8000   2:46      =   1.8000 
 + 2:47      =   1.8000   2:51      =   1.8000   2:55      =   1.8000 
 + 2:56      =   1.8000   2:57      =   1.8000   2:61      =   1.8000 
 + 2:62      =   1.8000   2:65      =   1.8000   2:66      =   1.8000 
 + 2:67      =   1.8000   2:69      =   1.8000   2:72      =   1.8000 
 + 2:74      =   1.8000   2:76      =   1.8000   2:77      =   1.8000 
 + 2:80      =   1.8000   2:81      =   1.8000   3:4       =   9.4127n
 + 3:5       =   9.4014n  3:6       =   9.3993n  3:7       =   9.4020n
 + 3:8       =   9.4011n  3:9       =   9.4139n  3:13      =   9.5407n
 + 3:14      =   9.4142n  3:18      =   9.5537n  3:19      =   9.4272n
 + 3:23      =   9.0947n  3:24      =   9.3478n  3:25      =   9.4142n
 + 3:29      =   9.4142n  3:33      =   9.4142n  3:34      =   9.4142n
 + 3:35      =   9.4142n  3:39      =   9.4142n  3:43      =   9.4142n
 + 3:44      =   9.4142n  3:45      =   9.4142n  3:49      =   9.4142n
 + 3:50      =   9.4142n  3:53      =   9.4142n  3:54      =   9.4142n
 + 3:55      =   9.4142n  3:59      =   9.4142n  3:60      =   9.4142n
 + 3:62      =   9.4142n  3:66      =   9.4142n  3:67      =   9.4142n
 + 3:68      =   9.4142n  3:69      =   9.4142n  3:72      =   9.4142n
 + 3:73      =   9.4142n  3:75      =   9.4142n  3:76      =   9.4142n
 + 3:77      =   9.4142n  3:79      =   9.4142n  3:83      =   9.4142n
 + 3:84      =   9.4142n  4:2       =   1.5628   4:3       =   1.5628 
 + 4:4       =   1.5628   4:5       =   1.5628   4:6       =   1.5628 
 + 4:7       =   1.5628   4:8       =   1.5628   4:9       =   1.5628 
 + 4:10      =   1.5628   4:11      =   1.5628   4:12      =   1.5628 
 + 4:13      =   1.5628   4:14      =   1.5628   4:15      =   1.5628 
 + 4:16      =   1.5628   4:17      =   1.5628   4:21      =   1.5628 
 + 4:22      =   1.5628   4:26      =   1.5628   4:27      =   1.5628 
 + 4:31      =   1.5628   4:32      =   1.5628   4:36      =   1.5628 
 + 4:37      =   1.5628   4:41      =   1.5628   4:42      =   1.5628 
 + 5:2       =   1.8000   5:3       =   1.8000   5:4       =   1.8000 
 + 5:5       =   1.8000   5:6       =   1.8000   5:7       =   1.8000 
 + 5:8       =   1.8000   5:9       =   1.8000   5:11      =   1.8000 
 + 5:12      =   1.8000   5:13      =   1.8000   5:14      =   1.8000 
 + 5:15      =   1.8000   5:16      =   1.8000   5:17      =   1.8000 
 + 5:18      =   1.8000   5:19      =   1.8000   5:20      =   1.8000 
 + 5:21      =   1.8000   5:22      =   1.8000   5:25      =   1.8000 
 + 5:26      =   1.8000   5:31      =   1.8000   5:32      =   1.8000 
 + 5:36      =   1.8000   5:37      =   1.8000   5:40      =   1.8000 
 + 5:41      =   1.8000   5:45      =   1.8000   5:46      =   1.8000 
 + 5:51      =   1.8000   5:52      =   1.8000   5:56      =   1.8000 
 + 5:57      =   1.8000   5:66      =   1.8000   5:67      =   1.8000 
 + 5:68      =   1.8000   5:72      =   1.8000   5:76      =   1.8000 
 + 5:77      =   1.8000   5:78      =   1.8000   5:82      =   1.8000 
 + 5:86      =   1.8000   5:87      =   1.8000   5:88      =   1.8000 
 + 5:92      =   1.8000   5:96      =   1.8000   5:97      =   1.8000 
 + 5:98      =   1.8000   5:102     =   1.8000   5:106     =   1.8000 
 + 5:107     =   1.8000   5:108     =   1.8000   5:112     =   1.8000 
 + 5:116     =   1.8000   5:117     =   1.8000   5:118     =   1.8000 
 + 5:122     =   1.8000   5:126     =   1.8000   5:127     =   1.8000 
 + 5:128     =   1.8000   5:132     =   1.8000   5:136     =   1.8000 
 + 5:137     =   1.8000   5:138     =   1.8000   5:142     =   1.8000 
 + 5:146     =   1.8000   5:147     =   1.8000   5:148     =   1.8000 
 + 5:152     =   1.8000   5:157     =   1.8000   5:158     =   1.8000 
 + 5:159     =   1.8000   5:161     =   1.8000   5:162     =   1.8000 
 + 5:163     =   1.8000   5:164     =   1.8000   5:165     =   1.8000 
 + 5:166     =   1.8000   5:167     =   1.8000   5:168     =   1.8000 
 + 5:169     =   1.8000   5:170     =   1.8000   5:186     =   1.8000 
 + 6:2       =  11.6837n  6:3       =  11.6836n  6:4       =  11.6835n
 + 6:5       =  11.6837n  6:6       =  11.6825n  6:7       =  11.6834n
 + 6:8       =  11.6809n  6:9       =  11.6823n  6:10      =  11.6790n
 + 6:11      =  11.6882n  6:12      =  11.6836n  6:13      =  11.6784n
 + 6:14      =  11.6892n  6:15      =  11.6838n  6:16      =  11.6781n
 + 6:17      =  11.6889n  6:18      =  11.6834n  6:19      =  11.6771n
 + 6:20      =  11.6878n  6:23      =  11.6762n  6:24      =  11.6855n
 + 6:25      =  11.6809n  6:29      =  12.0559n  6:30      =  11.9155n
 + 6:34      =  12.0569n  6:35      =  11.9166n  6:39      =  12.0566n
 + 6:40      =  11.9163n  6:44      =  12.0556n  6:45      =  11.9152n
 + 6:49      =  12.0532n  6:50      =  11.9129n  6:54      =  11.2754n
 + 6:55      =  11.5569n  6:59      =  11.2791n  6:60      =  11.5577n
 + 6:64      =  11.2801n  6:65      =  11.5578n  6:69      =  11.2785n
 + 6:70      =  11.5565n  6:74      =  11.2637n  6:75      =  11.5515n
 + 7:2       =  25.5411n  7:3       =  25.5467n  7:4       =  25.5341n
 + 7:5       =  25.5392n  7:6       =  25.5473n  7:7       =  25.5409n
 + 7:8       =  25.5406n  7:9       =  25.5323n  7:10      =  25.5326n
 + 7:11      =  25.5326n  7:14      =  25.6213n  7:15      =  25.5564n
 + 7:20      =  25.6890n  7:21      =  25.5590n  7:24      =  25.3625n
 + 7:25      =  25.4925n  7:27      =  25.5326n  7:29      =  25.5326n
 + 7:30      =  25.5326n  7:32      =  25.5326n  7:35      =  25.5326n
 + 7:36      =  25.5326n  7:37      =  25.5326n  7:40      =  25.5326n
 + 7:41      =  25.5326n  7:42      =  25.5326n  7:46      =  25.5326n
 + 7:49      =  25.5326n  7:50      =  25.5326n  7:51      =  25.5326n
 + 7:55      =  25.5326n  7:58      =  25.5326n  7:59      =  25.5326n
 + 7:60      =  25.5326n  7:61      =  25.5326n  8:4       =   1.8582n
 + 8:5       =   1.8743n  8:6       =   1.8216n  8:7       =   1.8539n
 + 8:8       =   1.9445n  8:9       =   1.8999n  8:10      =   1.9551n
 + 8:11      =   1.9490n  8:12      =   1.9205n  8:13      =   1.9528n
 + 8:14      =   1.8403n  8:15      =   1.9113n  8:16      = 964.1247p
 + 8:17      =   1.2869n  8:18      = 838.3871p  8:19      = 946.4040p
 + 8:20      = 531.9491p  8:21      = 804.5869p  8:22      = 482.3512p
 + 8:26      =   1.8767n  8:27      =   1.8759n  8:28      =   1.8577n
 + 8:29      =   1.8568n  8:30      =   1.8203n  8:31      =   1.8134n
 + 8:32      =   1.8187n  8:33      =   1.8982n  8:34      =   1.8885n
 + 8:35      =   1.8959n  8:36      =   1.9507n  8:37      =   1.9485n
 + 8:38      =   1.9579n  8:39      =   1.9557n  8:40      =   1.9198n
 + 8:41      =   1.9176n  8:42      =   1.8289n  8:43      =   1.3017n
 + 8:44      = 956.9546p  8:45      = 955.9953p  8:46      = 508.5148p
 + 8:47      = 507.7403p  8:53      =   1.8099n  8:57      = 828.7957p
 + 8:64      =   2.0477n  8:65      =   1.9312n  8:69      =   2.0286n
 + 8:70      =   1.9121n  8:72      =   3.2644n  8:73      =   3.1806n
 + 8:78      =   2.1553n  8:79      =   1.9300n  8:85      =   2.3168n
 + 8:86      =   2.0375n  8:90      =   2.3671n  8:91      =   2.0893n
 + 8:95      =   2.3740n  8:96      =   2.0964n  8:100     =   2.3372n
 + 8:101     =   2.0588n  8:104     =   1.7222n  8:105     =   1.5735n
 + 8:111     =   1.2790n  8:112     =   1.0117n  8:116     =   1.0664n
 + 8:117     = 869.7955p  8:122     = 768.4959p  8:123     = 552.7398p
 + 8:126     =   3.2225n  8:153     = 829.5014p  9:2       =   0.     
 + 9:6       =   0.       9:7       =   0.       9:8       =   0.     
 + 9:10      =   0.       9:11      =   0.       9:15      =   0.     
 + 9:18      =   0.      10:2       =   1.8000  10:3       =   1.8000 
 +10:4       =   1.8000  10:5       =   1.8000  10:6       =   1.8000 
 +10:7       =   1.8000  10:8       =   1.8000  10:9       =   1.8000 
 +10:10      =   1.8000  10:11      =   1.8000  10:15      =   1.8000 
 +10:16      =   1.8000  10:19      =   1.8000  10:20      =   1.8000 
 +10:24      =   1.8000  10:25      =   1.8000  10:27      =   1.8000 
 +10:31      =   1.8000  10:34      =   1.8000  10:35      =   1.8000 
 +10:36      =   1.8000  10:40      =   1.8000  10:43      =   1.8000 
 +10:44      =   1.8000  10:45      =   1.8000  10:48      =   1.8000 
 +10:49      =   1.8000  10:50      =   1.8000  10:52      =   1.8000 
 +10:53      =   1.8000  10:55      =   1.8000  10:58      =   1.8000 
 +10:59      =   1.8000  10:60      =   1.8000  10:61      =   1.8000 
 +11:4       =   1.8000  11:5       =   1.8000  11:6       =   1.8000 
 +11:7       =   1.8000  11:8       =   1.8000  11:9       =   1.8000 
 +11:10      =   1.8000  11:11      =   1.8000  11:12      =   1.8000 
 +11:13      =   1.8000  11:14      =   1.8000  11:15      =   1.8000 
 +11:16      =   1.8000  11:17      =   1.8000  11:18      =   1.8000 
 +11:19      =   1.8000  11:20      =   1.8000  11:21      =   1.8000 
 +11:22      =   1.8000  11:23      =   1.8000  11:25      =   1.8000 
 +11:26      =   1.8000  11:27      =   1.8000  11:28      =   1.8000 
 +11:29      =   1.8000  11:30      =   1.8000  11:31      =   1.8000 
 +11:32      =   1.8000  11:33      =   1.8000  11:34      =   1.8000 
 +11:35      =   1.8000  11:36      =   1.8000  11:37      =   1.8000 
 +11:38      =   1.8000  11:39      =   1.8000  11:40      =   1.8000 
 +11:41      =   1.8000  11:42      =   1.8000  11:43      =   1.8000 
 +11:44      =   1.8000  11:45      =   1.8000  11:46      =   1.8000 
 +11:47      =   1.8000  11:48      =   1.8000  11:49      =   1.8000 
 +11:50      =   1.8000  11:51      =   1.8000  11:52      =   1.8000 
 +11:53      =   1.8000  11:54      =   1.8000  11:55      =   1.8000 
 +11:56      =   1.8000  11:57      =   1.8000  11:58      =   1.8000 
 +11:59      =   1.8000  11:60      =   1.8000  11:61      =   1.8000 
 +11:62      =   1.8000  11:63      =   1.8000  11:64      =   1.8000 
 +11:65      =   1.8000  11:66      =   1.8000  11:67      =   1.8000 
 +11:68      =   1.8000  11:69      =   1.8000  11:70      =   1.8000 
 +11:71      =   1.8000  11:72      =   1.8000  11:73      =   1.8000 
 +11:74      =   1.8000  11:75      =   1.8000  11:76      =   1.8000 
 +11:77      =   1.8000  11:78      =   1.8000  11:86      =   1.8000 
 +11:87      =   1.8000  11:91      =   1.8000  11:92      =   1.8000 
 +11:96      =   1.8000  11:97      =   1.8000  11:100     =   1.8000 
 +11:101     =   1.8000  11:106     =   1.8000  11:107     =   1.8000 
 +11:111     =   1.8000  11:112     =   1.8000  11:116     =   1.8000 
 +11:117     =   1.8000  11:121     =   1.8000  11:122     =   1.8000 
 +11:125     =   1.8000  11:126     =   1.8000  11:131     =   1.8000 
 +11:132     =   1.8000  11:137     =   1.8000  11:138     =   1.8000 
 +11:142     =   1.8000  11:143     =   1.8000  11:147     =   1.8000 
 +11:148     =   1.8000  11:152     =   1.8000  11:153     =   1.8000 
 +11:158     =   1.8000  11:159     =   1.8000  11:163     =   1.8000 
 +11:164     =   1.8000  11:175     =   1.8000  11:177     =   1.8000 
 +11:181     =   1.8000  11:182     =   1.8000  11:183     =   1.8000 
 +11:184     =   1.8000  11:187     =   1.8000  11:188     =   1.8000 
 +11:189     =   1.8000  11:190     =   1.8000  11:193     =   1.8000 
 +11:194     =   1.8000  11:196     =   1.8000  11:197     =   1.8000 
 +11:200     =   1.8000  11:204     =   1.8000  11:208     =   1.8000 
 +11:212     =   1.8000  11:213     =   1.8000  11:214     =   1.8000 
 +11:217     =   1.8000  11:218     =   1.8000  11:219     =   1.8000 
 +11:220     =   1.8000  11:223     =   1.8000  11:228     =   1.8000 
 +11:229     =   1.8000  11:230     =   1.8000  11:232     =   1.8000 
 +11:235     =   1.8000  11:236     =   1.8000  11:239     =   1.8000 
 +11:240     =   1.8000  11:241     =   1.8000  11:244     =   1.8000 
 +11:245     =   1.8000  11:247     =   1.8000  11:250     =   1.8000 
 +11:251     =   1.8000  11:252     =   1.8000  11:297     =   1.8000 

 ******
 **testbench**

 ****** transient analysis tnom=  25.000 temp=  25.000 ******
 tdelay_rise= 349.2021p  targ=  30.2492n   trig=  29.9000n
 tdelay_fall= 472.9265p  targ=  40.3729n   trig=  39.9000n
 tdelay_avg= 411.0643p

          ***** job concluded
 ******  
 **testbench**

 ****** job statistics summary tnom=  25.000 temp=  25.000 ******
  
 ******  Machine Information  ******
 CPU:
 model name	: Intel(R) Core(TM) i7-3770 CPU @ 3.40GHz
 cpu MHz	: 3392.120
 CPU(s)		: 8
  
 OS:
 Linux version 2.6.32-642.el6.x86_64 (mockbuild@worker1.bsys.centos.org) (gcc version 4.4.7 20120313 (Red Hat 4.4.7-17) (GCC) ) #1 SMP Tue May 10 17:27:01 UTC 2016

 System loadavg : 0.22 0.16 0.14 2/392 11666


  ******  PrimeSim HSPICE Threads Information  ******

  Command Line Threads Count :     1
  Available CPU Count        :     8
  Actual Threads Count       :     1


  ******  Circuit Statistics  ******
  # nodes       =     832 # elements   =    1058
  # resistors   =     699 # capacitors =     297 # inductors   =       0
  # mutual_inds =       0 # vccs       =       0 # vcvs        =       0
  # cccs        =       0 # ccvs       =       0 # volt_srcs   =       2
  # curr_srcs   =       0 # diodes     =       0 # bjts        =       0
  # jfets       =       0 # mosfets    =      60 # U elements  =       0
  # T elements  =       0 # W elements =       0 # B elements  =       0
  # S elements  =       0 # P elements =       0 # va device   =       0
  # vector_srcs =       0 # N elements =       0


  ******  Runtime Statistics (seconds)  ******

  analysis           time    # points   tot. iter  conv.iter
  op point           0.02           1          42
  transient          0.45      200001        2548         956 rev=        34
  readin             0.03
  errchk             0.01
  setup              0.01
  output             0.00


           peak memory used        442.62 megabytes
           total cpu time            0.56 seconds
           total elapsed time        0.88 seconds
           job started at     18:07:55 04/14/2022
           job ended   at     18:07:56 04/14/2022
           job total runtime         0.88 seconds


 lic: Release hspice token(s) 
 lic: total license checkout elapse time:        0.31(s)
