 ****** PrimeSim HSPICE -- R-2020.12-SP2 linux64 (May 24 2021 7074677) ******
  Copyright (c) 1986 - 2022 by Synopsys, Inc. All Rights Reserved.
  This software and the associated documentation are proprietary
  to Synopsys, Inc. This software may only be used in accordance
  with the terms and conditions of a written license agreement with
  Synopsys, Inc. All other use, reproduction, or distribution of
  this software is strictly prohibited.
  Input File: aoi22.sp                                                          
  Command line options: /cad/synopsys/hspice/2020.12-sp2/hspice/linux64/hspice -i aoi22.sp -o aoi22.lis
  Start time: Fri Mar 25 11:38:49 2022
 lic:  
 lic: FLEXlm: SDK_12.9.5 
 lic: USER:   vlsisj2022063        HOSTNAME: tsri29 
 lic: HOSTID: b4b52fc6a41f         PID:      3239 
 lic: Using FLEXlm license file: 
 lic: 26585@lsncku 
 lic: Checkout 1 hspice 
 lic: License/Maintenance for hspice will expire on 14-may-2022/2021.09 
 lic: 108(in_use)/190(total) FLOATING license(s) on SERVER 26585@lsncku 
 lic:   
  **warning** (aoi22.cir:18) Parameter name is not defined in .param. Please enter parameter variable with their respective value/expression.
  **warning** (aoi22.cir:29) Global net name "gnd" in subckt pin list. The pin will be connected to the local net. Recommend to not use global net names in subckt pin lists.
1****** PrimeSim HSPICE -- R-2020.12-SP2 linux64 (May 24 2021 7074677) ******
 ******  
 **testbench**

 ****** circuit name directory
 circuit number to circuit name directory
   number circuitname                     definition         multiplier
        0 main circuit
        1 xtest.                          aoi22              1.00 
        2 xtest.xi0.                      inv                1.00 
  **info** (aoi22.sp:26) DC voltage reset to initial transient source value in source 0:vd0. new dc=0.0000D+00
 

  
      
 **info** set option symb=1 internally to help for convergence.
 *****************************************************************
 ******  option summary
 ******
 runlvl  = 3         bypass  = 2.0000    
  Opening plot unit= 15
 file=aoi22.pa0

 **info** dc convergence successful at Newton-Raphson method 
 ******  
 **testbench**

 ****** operating point information tnom=  25.000 temp=  25.000 ******
 ****** operating point status is voltage   simulation time is     0.     
    node    =voltage      node    =voltage      node    =voltage

 +0:d0      =   0.      0:d1      =   0.      0:s       =   0.     
 +0:vdd     =   1.8000  0:y       =   1.8000  1:net15   =  60.1938m
 +1:net17   =   1.5721  1:net18   =   1.8000  1:s_inv   =   1.8000 


          ***** job concluded
 ******  
 **testbench**

 ****** job statistics summary tnom=  25.000 temp=  25.000 ******
  
 ******  Machine Information  ******
 CPU:
 model name	: Intel(R) Core(TM) i7-3770 CPU @ 3.40GHz
 cpu MHz	: 3392.245
 CPU(s)		: 8
  
 OS:
 Linux version 2.6.32-642.el6.x86_64 (mockbuild@worker1.bsys.centos.org) (gcc version 4.4.7 20120313 (Red Hat 4.4.7-17) (GCC) ) #1 SMP Tue May 10 17:27:01 UTC 2016

 System loadavg : 1.08 1.37 1.29 2/426 3242


  ******  PrimeSim HSPICE Threads Information  ******

  Command Line Threads Count :     1
  Available CPU Count        :     8
  Actual Threads Count       :     1


  ******  Circuit Statistics  ******
  # nodes       =      30 # elements   =      14
  # resistors   =       0 # capacitors =       0 # inductors   =       0
  # mutual_inds =       0 # vccs       =       0 # vcvs        =       0
  # cccs        =       0 # ccvs       =       0 # volt_srcs   =       4
  # curr_srcs   =       0 # diodes     =       0 # bjts        =       0
  # jfets       =       0 # mosfets    =      10 # U elements  =       0
  # T elements  =       0 # W elements =       0 # B elements  =       0
  # S elements  =       0 # P elements =       0 # va device   =       0
  # vector_srcs =       0 # N elements =       0


  ******  Runtime Statistics (seconds)  ******

  analysis           time    # points   tot. iter  conv.iter
  op point           0.01           1          21
  transient          0.03      200001        1097         428 rev=        20
  readin             0.01
  errchk             0.00
  setup              0.00
  output             0.00


           peak memory used        439.79 megabytes
           total cpu time            0.06 seconds
           total elapsed time        0.38 seconds
           job started at     11:38:49 03/25/2022
           job ended   at     11:38:49 03/25/2022
           job total runtime         0.38 seconds


 lic: Release hspice token(s) 
 lic: total license checkout elapse time:        0.32(s)
